[ 2017-04-07T11:09:41+08:00 ] ::1 /index.php/Mobile/Index
INFO: [ app_init ] --START--
INFO: Run Behavior\BuildLiteBehavior [ RunTime:0.000016s ]
INFO: [ app_init ] --END-- [ RunTime:0.000715s ]
INFO: [ app_begin ] --START--
INFO: Run Behavior\ReadHtmlCacheBehavior [ RunTime:0.000974s ]
INFO: [ app_begin ] --END-- [ RunTime:0.001075s ]
SQL: SHOW COLUMNS FROM `ts_video` [ RunTime:0.0020s ]
INFO: [ view_parse ] --START--
INFO: [ template_filter ] --START--
INFO: Run Behavior\ContentReplaceBehavior [ RunTime:0.000176s ]
INFO: [ template_filter ] --END-- [ RunTime:0.000231s ]
NOTIC: [8] Undefined variable: videolist /wwwroot/move_forum/Application/Runtime/Cache/Mobile/59803a09875c7569286531ef77035039.php 第 153 行.
NOTIC: [8] Undefined variable: videolist /wwwroot/move_forum/Application/Runtime/Cache/Mobile/59803a09875c7569286531ef77035039.php 第 157 行.
NOTIC: [8] Undefined variable: videolist /wwwroot/move_forum/Application/Runtime/Cache/Mobile/59803a09875c7569286531ef77035039.php 第 161 行.
NOTIC: [8] Undefined variable: about /wwwroot/move_forum/Application/Runtime/Cache/Mobile/59803a09875c7569286531ef77035039.php 第 165 行.
INFO: Run Behavior\ParseTemplateBehavior [ RunTime:0.016568s ]
INFO: [ view_parse ] --END-- [ RunTime:0.016644s ]
INFO: [ view_filter ] --START--
INFO: Run Behavior\WriteHtmlCacheBehavior [ RunTime:0.000440s ]
INFO: [ view_filter ] --END-- [ RunTime:0.000480s ]
INFO: [ app_end ] --START--
INFO: Run Behavior\ShowPageTraceBehavior [ RunTime:0.000724s ]
INFO: [ app_end ] --END-- [ RunTime:0.000784s ]

[ 2017-04-07T11:09:42+08:00 ] ::1 /index.php/Mobile/Index/newTopList.html
INFO: [ app_init ] --START--
INFO: Run Behavior\BuildLiteBehavior [ RunTime:0.000020s ]
INFO: [ app_init ] --END-- [ RunTime:0.000439s ]
INFO: [ app_begin ] --START--
INFO: Run Behavior\ReadHtmlCacheBehavior [ RunTime:0.001074s ]
INFO: [ app_begin ] --END-- [ RunTime:0.001249s ]
SQL: SHOW COLUMNS FROM `ts_video` [ RunTime:0.0028s ]
SQL: SHOW COLUMNS FROM `ts_video` [ RunTime:0.0016s ]
SQL: SELECT * FROM `ts_video` WHERE ( status = 1 ) ORDER BY hit DESC LIMIT 0,6   [ RunTime:0.0005s ]
SQL: SELECT COUNT(*) AS tp_count FROM `ts_video` WHERE ( status = 1 ) LIMIT 1   [ RunTime:0.0003s ]
INFO: [ app_end ] --START--
INFO: Run Behavior\ShowPageTraceBehavior [ RunTime:0.000735s ]
INFO: [ app_end ] --END-- [ RunTime:0.000822s ]

[ 2017-04-07T11:09:42+08:00 ] ::1 /index.php/Mobile/Index/newList.html
INFO: [ app_init ] --START--
INFO: Run Behavior\BuildLiteBehavior [ RunTime:0.000018s ]
INFO: [ app_init ] --END-- [ RunTime:0.000512s ]
INFO: [ app_begin ] --START--
INFO: Run Behavior\ReadHtmlCacheBehavior [ RunTime:0.000610s ]
INFO: [ app_begin ] --END-- [ RunTime:0.000685s ]
SQL: SHOW COLUMNS FROM `ts_video` [ RunTime:0.0028s ]
SQL: SHOW COLUMNS FROM `ts_video` [ RunTime:0.0017s ]
SQL: SELECT * FROM `ts_video` WHERE ( status = 1 ) ORDER BY id DESC LIMIT 0,10   [ RunTime:0.0005s ]
SQL: SELECT COUNT(*) AS tp_count FROM `ts_video` WHERE ( status = 1 ) LIMIT 1   [ RunTime:0.0003s ]
INFO: [ app_end ] --START--
INFO: Run Behavior\ShowPageTraceBehavior [ RunTime:0.002507s ]
INFO: [ app_end ] --END-- [ RunTime:0.002655s ]

[ 2017-04-07T11:11:24+08:00 ] ::1 /index.php/Mobile/Index
INFO: [ app_init ] --START--
INFO: Run Behavior\BuildLiteBehavior [ RunTime:0.000013s ]
INFO: [ app_init ] --END-- [ RunTime:0.000392s ]
INFO: [ app_begin ] --START--
INFO: Run Behavior\ReadHtmlCacheBehavior [ RunTime:0.000405s ]
INFO: [ app_begin ] --END-- [ RunTime:0.000538s ]
SQL: SHOW COLUMNS FROM `ts_video` [ RunTime:0.0011s ]
INFO: [ view_parse ] --START--
INFO: [ template_filter ] --START--
INFO: Run Behavior\ContentReplaceBehavior [ RunTime:0.000187s ]
INFO: [ template_filter ] --END-- [ RunTime:0.000270s ]
NOTIC: [8] Undefined variable: videolist /wwwroot/move_forum/Application/Runtime/Cache/Mobile/59803a09875c7569286531ef77035039.php 第 153 行.
NOTIC: [8] Undefined variable: videolist /wwwroot/move_forum/Application/Runtime/Cache/Mobile/59803a09875c7569286531ef77035039.php 第 157 行.
NOTIC: [8] Undefined variable: videolist /wwwroot/move_forum/Application/Runtime/Cache/Mobile/59803a09875c7569286531ef77035039.php 第 161 行.
NOTIC: [8] Undefined variable: about /wwwroot/move_forum/Application/Runtime/Cache/Mobile/59803a09875c7569286531ef77035039.php 第 165 行.
INFO: Run Behavior\ParseTemplateBehavior [ RunTime:0.010894s ]
INFO: [ view_parse ] --END-- [ RunTime:0.010964s ]
INFO: [ view_filter ] --START--
INFO: Run Behavior\WriteHtmlCacheBehavior [ RunTime:0.000188s ]
INFO: [ view_filter ] --END-- [ RunTime:0.000218s ]
INFO: [ app_end ] --START--
INFO: Run Behavior\ShowPageTraceBehavior [ RunTime:0.000648s ]
INFO: [ app_end ] --END-- [ RunTime:0.000707s ]

[ 2017-04-07T11:11:25+08:00 ] ::1 /index.php/Mobile/Index/newTopList.html
INFO: [ app_init ] --START--
INFO: Run Behavior\BuildLiteBehavior [ RunTime:0.000018s ]
INFO: [ app_init ] --END-- [ RunTime:0.000436s ]
INFO: [ app_begin ] --START--
INFO: Run Behavior\ReadHtmlCacheBehavior [ RunTime:0.000611s ]
INFO: [ app_begin ] --END-- [ RunTime:0.000691s ]
SQL: SHOW COLUMNS FROM `ts_video` [ RunTime:0.0028s ]
SQL: SHOW COLUMNS FROM `ts_video` [ RunTime:0.0017s ]
SQL: SELECT * FROM `ts_video` WHERE ( status = 1 ) ORDER BY hit DESC LIMIT 0,6   [ RunTime:0.0005s ]
SQL: SELECT COUNT(*) AS tp_count FROM `ts_video` WHERE ( status = 1 ) LIMIT 1   [ RunTime:0.0005s ]
INFO: [ app_end ] --START--
INFO: Run Behavior\ShowPageTraceBehavior [ RunTime:0.000965s ]
INFO: [ app_end ] --END-- [ RunTime:0.001067s ]

[ 2017-04-07T11:11:25+08:00 ] ::1 /index.php/Mobile/Index/newList.html
INFO: [ app_init ] --START--
INFO: Run Behavior\BuildLiteBehavior [ RunTime:0.000019s ]
INFO: [ app_init ] --END-- [ RunTime:0.000521s ]
INFO: [ app_begin ] --START--
INFO: Run Behavior\ReadHtmlCacheBehavior [ RunTime:0.000709s ]
INFO: [ app_begin ] --END-- [ RunTime:0.000794s ]
SQL: SHOW COLUMNS FROM `ts_video` [ RunTime:0.0017s ]
SQL: SHOW COLUMNS FROM `ts_video` [ RunTime:0.0019s ]
SQL: SELECT * FROM `ts_video` WHERE ( status = 1 ) ORDER BY id DESC LIMIT 0,10   [ RunTime:0.0005s ]
SQL: SELECT COUNT(*) AS tp_count FROM `ts_video` WHERE ( status = 1 ) LIMIT 1   [ RunTime:0.0003s ]
INFO: [ app_end ] --START--
INFO: Run Behavior\ShowPageTraceBehavior [ RunTime:0.000791s ]
INFO: [ app_end ] --END-- [ RunTime:0.000899s ]

[ 2017-04-07T11:12:19+08:00 ] ::1 /index.php/Mobile/Index
INFO: [ app_init ] --START--
INFO: Run Behavior\BuildLiteBehavior [ RunTime:0.000021s ]
INFO: [ app_init ] --END-- [ RunTime:0.000404s ]
INFO: [ app_begin ] --START--
INFO: Run Behavior\ReadHtmlCacheBehavior [ RunTime:0.000407s ]
INFO: [ app_begin ] --END-- [ RunTime:0.000447s ]
SQL: SHOW COLUMNS FROM `ts_video` [ RunTime:0.0021s ]
INFO: [ view_parse ] --START--
INFO: [ template_filter ] --START--
INFO: Run Behavior\ContentReplaceBehavior [ RunTime:0.000240s ]
INFO: [ template_filter ] --END-- [ RunTime:0.000328s ]
NOTIC: [8] Undefined variable: videolist /wwwroot/move_forum/Application/Runtime/Cache/Mobile/59803a09875c7569286531ef77035039.php 第 153 行.
NOTIC: [8] Undefined variable: videolist /wwwroot/move_forum/Application/Runtime/Cache/Mobile/59803a09875c7569286531ef77035039.php 第 157 行.
NOTIC: [8] Undefined variable: videolist /wwwroot/move_forum/Application/Runtime/Cache/Mobile/59803a09875c7569286531ef77035039.php 第 161 行.
NOTIC: [8] Undefined variable: about /wwwroot/move_forum/Application/Runtime/Cache/Mobile/59803a09875c7569286531ef77035039.php 第 165 行.
INFO: Run Behavior\ParseTemplateBehavior [ RunTime:0.011706s ]
INFO: [ view_parse ] --END-- [ RunTime:0.011746s ]
INFO: [ view_filter ] --START--
INFO: Run Behavior\WriteHtmlCacheBehavior [ RunTime:0.000142s ]
INFO: [ view_filter ] --END-- [ RunTime:0.000174s ]
INFO: [ app_end ] --START--
INFO: Run Behavior\ShowPageTraceBehavior [ RunTime:0.000715s ]
INFO: [ app_end ] --END-- [ RunTime:0.000796s ]

[ 2017-04-07T11:12:20+08:00 ] ::1 /index.php/Mobile/Index/newTopList.html
INFO: [ app_init ] --START--
INFO: Run Behavior\BuildLiteBehavior [ RunTime:0.000017s ]
INFO: [ app_init ] --END-- [ RunTime:0.000449s ]
INFO: [ app_begin ] --START--
INFO: Run Behavior\ReadHtmlCacheBehavior [ RunTime:0.000606s ]
INFO: [ app_begin ] --END-- [ RunTime:0.000678s ]
SQL: SHOW COLUMNS FROM `ts_video` [ RunTime:0.0027s ]
SQL: SHOW COLUMNS FROM `ts_video` [ RunTime:0.0019s ]
SQL: SELECT * FROM `ts_video` WHERE ( status = 1 ) ORDER BY hit DESC LIMIT 0,6   [ RunTime:0.0004s ]
SQL: SELECT COUNT(*) AS tp_count FROM `ts_video` WHERE ( status = 1 ) LIMIT 1   [ RunTime:0.0005s ]
INFO: [ app_end ] --START--
INFO: Run Behavior\ShowPageTraceBehavior [ RunTime:0.000794s ]
INFO: [ app_end ] --END-- [ RunTime:0.000893s ]

[ 2017-04-07T11:12:20+08:00 ] ::1 /index.php/Mobile/Index/newList.html
INFO: [ app_init ] --START--
INFO: Run Behavior\BuildLiteBehavior [ RunTime:0.000020s ]
INFO: [ app_init ] --END-- [ RunTime:0.000541s ]
INFO: [ app_begin ] --START--
INFO: Run Behavior\ReadHtmlCacheBehavior [ RunTime:0.000672s ]
INFO: [ app_begin ] --END-- [ RunTime:0.000785s ]
SQL: SHOW COLUMNS FROM `ts_video` [ RunTime:0.0018s ]
SQL: SHOW COLUMNS FROM `ts_video` [ RunTime:0.0017s ]
SQL: SELECT * FROM `ts_video` WHERE ( status = 1 ) ORDER BY id DESC LIMIT 0,10   [ RunTime:0.0010s ]
SQL: SELECT COUNT(*) AS tp_count FROM `ts_video` WHERE ( status = 1 ) LIMIT 1   [ RunTime:0.0007s ]
INFO: [ app_end ] --START--
INFO: Run Behavior\ShowPageTraceBehavior [ RunTime:0.000947s ]
INFO: [ app_end ] --END-- [ RunTime:0.001871s ]

[ 2017-04-07T11:13:06+08:00 ] ::1 /index.php/Mobile/Index
INFO: [ app_init ] --START--
INFO: Run Behavior\BuildLiteBehavior [ RunTime:0.000027s ]
INFO: [ app_init ] --END-- [ RunTime:0.000645s ]
INFO: [ app_begin ] --START--
INFO: Run Behavior\ReadHtmlCacheBehavior [ RunTime:0.000779s ]
INFO: [ app_begin ] --END-- [ RunTime:0.000855s ]
SQL: SHOW COLUMNS FROM `ts_video` [ RunTime:0.0011s ]
INFO: [ view_parse ] --START--
INFO: [ template_filter ] --START--
INFO: Run Behavior\ContentReplaceBehavior [ RunTime:0.000145s ]
INFO: [ template_filter ] --END-- [ RunTime:0.000190s ]
NOTIC: [8] Undefined variable: videolist /wwwroot/move_forum/Application/Runtime/Cache/Mobile/59803a09875c7569286531ef77035039.php 第 153 行.
NOTIC: [8] Undefined variable: videolist /wwwroot/move_forum/Application/Runtime/Cache/Mobile/59803a09875c7569286531ef77035039.php 第 157 行.
NOTIC: [8] Undefined variable: videolist /wwwroot/move_forum/Application/Runtime/Cache/Mobile/59803a09875c7569286531ef77035039.php 第 161 行.
NOTIC: [8] Undefined variable: about /wwwroot/move_forum/Application/Runtime/Cache/Mobile/59803a09875c7569286531ef77035039.php 第 165 行.
INFO: Run Behavior\ParseTemplateBehavior [ RunTime:0.007330s ]
INFO: [ view_parse ] --END-- [ RunTime:0.007375s ]
INFO: [ view_filter ] --START--
INFO: Run Behavior\WriteHtmlCacheBehavior [ RunTime:0.000130s ]
INFO: [ view_filter ] --END-- [ RunTime:0.000157s ]
INFO: [ app_end ] --START--
INFO: Run Behavior\ShowPageTraceBehavior [ RunTime:0.000572s ]
INFO: [ app_end ] --END-- [ RunTime:0.000621s ]

[ 2017-04-07T11:13:06+08:00 ] ::1 /index.php/Mobile/Index/newTopList.html
INFO: [ app_init ] --START--
INFO: Run Behavior\BuildLiteBehavior [ RunTime:0.000018s ]
INFO: [ app_init ] --END-- [ RunTime:0.000428s ]
INFO: [ app_begin ] --START--
INFO: Run Behavior\ReadHtmlCacheBehavior [ RunTime:0.000771s ]
INFO: [ app_begin ] --END-- [ RunTime:0.000855s ]
SQL: SHOW COLUMNS FROM `ts_video` [ RunTime:0.0028s ]
SQL: SHOW COLUMNS FROM `ts_video` [ RunTime:0.0024s ]
SQL: SELECT * FROM `ts_video` WHERE ( status = 1 ) ORDER BY hit DESC LIMIT 0,6   [ RunTime:0.0006s ]
SQL: SELECT COUNT(*) AS tp_count FROM `ts_video` WHERE ( status = 1 ) LIMIT 1   [ RunTime:0.0003s ]
INFO: [ app_end ] --START--
INFO: Run Behavior\ShowPageTraceBehavior [ RunTime:0.001021s ]
INFO: [ app_end ] --END-- [ RunTime:0.001125s ]

[ 2017-04-07T11:13:06+08:00 ] ::1 /index.php/Mobile/Index/newList.html
INFO: [ app_init ] --START--
INFO: Run Behavior\BuildLiteBehavior [ RunTime:0.000025s ]
INFO: [ app_init ] --END-- [ RunTime:0.000679s ]
INFO: [ app_begin ] --START--
INFO: Run Behavior\ReadHtmlCacheBehavior [ RunTime:0.000678s ]
INFO: [ app_begin ] --END-- [ RunTime:0.000768s ]
SQL: SHOW COLUMNS FROM `ts_video` [ RunTime:0.0018s ]
SQL: SHOW COLUMNS FROM `ts_video` [ RunTime:0.0017s ]
SQL: SELECT * FROM `ts_video` WHERE ( status = 1 ) ORDER BY id DESC LIMIT 0,10   [ RunTime:0.0005s ]
SQL: SELECT COUNT(*) AS tp_count FROM `ts_video` WHERE ( status = 1 ) LIMIT 1   [ RunTime:0.0005s ]
INFO: [ app_end ] --START--
INFO: Run Behavior\ShowPageTraceBehavior [ RunTime:0.000703s ]
INFO: [ app_end ] --END-- [ RunTime:0.000784s ]

[ 2017-04-07T11:19:36+08:00 ] ::1 /index.php/Mobile/Index
INFO: [ app_init ] --START--
INFO: Run Behavior\BuildLiteBehavior [ RunTime:0.000022s ]
INFO: [ app_init ] --END-- [ RunTime:0.000667s ]
INFO: [ app_begin ] --START--
INFO: Run Behavior\ReadHtmlCacheBehavior [ RunTime:0.000570s ]
INFO: [ app_begin ] --END-- [ RunTime:0.000615s ]
SQL: SHOW COLUMNS FROM `ts_video` [ RunTime:0.0031s ]
INFO: [ view_parse ] --START--
INFO: [ template_filter ] --START--
INFO: Run Behavior\ContentReplaceBehavior [ RunTime:0.000289s ]
INFO: [ template_filter ] --END-- [ RunTime:0.000363s ]
NOTIC: [8] Undefined variable: videolist /wwwroot/move_forum/Application/Runtime/Cache/Mobile/59803a09875c7569286531ef77035039.php 第 153 行.
NOTIC: [8] Undefined variable: videolist /wwwroot/move_forum/Application/Runtime/Cache/Mobile/59803a09875c7569286531ef77035039.php 第 157 行.
NOTIC: [8] Undefined variable: videolist /wwwroot/move_forum/Application/Runtime/Cache/Mobile/59803a09875c7569286531ef77035039.php 第 161 行.
NOTIC: [8] Undefined variable: about /wwwroot/move_forum/Application/Runtime/Cache/Mobile/59803a09875c7569286531ef77035039.php 第 165 行.
INFO: Run Behavior\ParseTemplateBehavior [ RunTime:0.015582s ]
INFO: [ view_parse ] --END-- [ RunTime:0.015670s ]
INFO: [ view_filter ] --START--
INFO: Run Behavior\WriteHtmlCacheBehavior [ RunTime:0.000464s ]
INFO: [ view_filter ] --END-- [ RunTime:0.000504s ]
INFO: [ app_end ] --START--
INFO: Run Behavior\ShowPageTraceBehavior [ RunTime:0.001074s ]
INFO: [ app_end ] --END-- [ RunTime:0.001151s ]

[ 2017-04-07T11:19:37+08:00 ] ::1 /index.php/Mobile/Index/newList.html
INFO: [ app_init ] --START--
INFO: Run Behavior\BuildLiteBehavior [ RunTime:0.000014s ]
INFO: [ app_init ] --END-- [ RunTime:0.000479s ]
INFO: [ app_begin ] --START--
INFO: Run Behavior\ReadHtmlCacheBehavior [ RunTime:0.000732s ]
INFO: [ app_begin ] --END-- [ RunTime:0.000838s ]
SQL: SHOW COLUMNS FROM `ts_video` [ RunTime:0.0034s ]
SQL: SHOW COLUMNS FROM `ts_video` [ RunTime:0.0024s ]
SQL: SELECT * FROM `ts_video` WHERE ( status = 1 ) ORDER BY id DESC LIMIT 0,10   [ RunTime:0.0005s ]
SQL: SELECT COUNT(*) AS tp_count FROM `ts_video` WHERE ( status = 1 ) LIMIT 1   [ RunTime:0.0005s ]
INFO: [ app_end ] --START--
INFO: Run Behavior\ShowPageTraceBehavior [ RunTime:0.000821s ]
INFO: [ app_end ] --END-- [ RunTime:0.000924s ]

[ 2017-04-07T11:19:37+08:00 ] ::1 /index.php/Mobile/Index/newTopList.html
INFO: [ app_init ] --START--
INFO: Run Behavior\BuildLiteBehavior [ RunTime:0.000021s ]
INFO: [ app_init ] --END-- [ RunTime:0.000479s ]
INFO: [ app_begin ] --START--
INFO: Run Behavior\ReadHtmlCacheBehavior [ RunTime:0.000672s ]
INFO: [ app_begin ] --END-- [ RunTime:0.000751s ]
SQL: SHOW COLUMNS FROM `ts_video` [ RunTime:0.0018s ]
SQL: SHOW COLUMNS FROM `ts_video` [ RunTime:0.0022s ]
SQL: SELECT * FROM `ts_video` WHERE ( status = 1 ) ORDER BY hit DESC LIMIT 0,6   [ RunTime:0.0005s ]
SQL: SELECT COUNT(*) AS tp_count FROM `ts_video` WHERE ( status = 1 ) LIMIT 1   [ RunTime:0.0003s ]
INFO: [ app_end ] --START--
INFO: Run Behavior\ShowPageTraceBehavior [ RunTime:0.000793s ]
INFO: [ app_end ] --END-- [ RunTime:0.000894s ]

[ 2017-04-07T11:20:54+08:00 ] ::1 /index.php/Mobile/Index
INFO: [ app_init ] --START--
INFO: Run Behavior\BuildLiteBehavior [ RunTime:0.000038s ]
INFO: [ app_init ] --END-- [ RunTime:0.000554s ]
INFO: [ app_begin ] --START--
INFO: Run Behavior\ReadHtmlCacheBehavior [ RunTime:0.000808s ]
INFO: [ app_begin ] --END-- [ RunTime:0.001301s ]
SQL: SHOW COLUMNS FROM `ts_video` [ RunTime:0.0022s ]
INFO: [ view_parse ] --START--
INFO: [ template_filter ] --START--
INFO: Run Behavior\ContentReplaceBehavior [ RunTime:0.000172s ]
INFO: [ template_filter ] --END-- [ RunTime:0.000266s ]
NOTIC: [8] Undefined variable: videolist /wwwroot/move_forum/Application/Runtime/Cache/Mobile/59803a09875c7569286531ef77035039.php 第 153 行.
NOTIC: [8] Undefined variable: videolist /wwwroot/move_forum/Application/Runtime/Cache/Mobile/59803a09875c7569286531ef77035039.php 第 157 行.
NOTIC: [8] Undefined variable: videolist /wwwroot/move_forum/Application/Runtime/Cache/Mobile/59803a09875c7569286531ef77035039.php 第 161 行.
NOTIC: [8] Undefined variable: about /wwwroot/move_forum/Application/Runtime/Cache/Mobile/59803a09875c7569286531ef77035039.php 第 165 行.
INFO: Run Behavior\ParseTemplateBehavior [ RunTime:0.016251s ]
INFO: [ view_parse ] --END-- [ RunTime:0.016469s ]
INFO: [ view_filter ] --START--
INFO: Run Behavior\WriteHtmlCacheBehavior [ RunTime:0.000368s ]
INFO: [ view_filter ] --END-- [ RunTime:0.000446s ]
INFO: [ app_end ] --START--
INFO: Run Behavior\ShowPageTraceBehavior [ RunTime:0.001022s ]
INFO: [ app_end ] --END-- [ RunTime:0.005944s ]

[ 2017-04-07T11:20:55+08:00 ] ::1 /index.php/Mobile/Index/newTopList.html
INFO: [ app_init ] --START--
INFO: Run Behavior\BuildLiteBehavior [ RunTime:0.000023s ]
INFO: [ app_init ] --END-- [ RunTime:0.000561s ]
INFO: [ app_begin ] --START--
INFO: Run Behavior\ReadHtmlCacheBehavior [ RunTime:0.000692s ]
INFO: [ app_begin ] --END-- [ RunTime:0.000760s ]
SQL: SHOW COLUMNS FROM `ts_video` [ RunTime:0.0030s ]
SQL: SHOW COLUMNS FROM `ts_video` [ RunTime:0.0030s ]
SQL: SELECT * FROM `ts_video` WHERE ( status = 1 ) ORDER BY hit DESC LIMIT 0,6   [ RunTime:0.0011s ]
SQL: SELECT COUNT(*) AS tp_count FROM `ts_video` WHERE ( status = 1 ) LIMIT 1   [ RunTime:0.0010s ]
INFO: [ app_end ] --START--
INFO: Run Behavior\ShowPageTraceBehavior [ RunTime:0.000896s ]
INFO: [ app_end ] --END-- [ RunTime:0.000998s ]

[ 2017-04-07T11:20:55+08:00 ] ::1 /index.php/Mobile/Index/newList.html
INFO: [ app_init ] --START--
INFO: Run Behavior\BuildLiteBehavior [ RunTime:0.000014s ]
INFO: [ app_init ] --END-- [ RunTime:0.000473s ]
INFO: [ app_begin ] --START--
INFO: Run Behavior\ReadHtmlCacheBehavior [ RunTime:0.000696s ]
INFO: [ app_begin ] --END-- [ RunTime:0.000784s ]
SQL: SHOW COLUMNS FROM `ts_video` [ RunTime:0.0021s ]
SQL: SHOW COLUMNS FROM `ts_video` [ RunTime:0.0032s ]
SQL: SELECT * FROM `ts_video` WHERE ( status = 1 ) ORDER BY id DESC LIMIT 0,10   [ RunTime:0.0010s ]
SQL: SELECT COUNT(*) AS tp_count FROM `ts_video` WHERE ( status = 1 ) LIMIT 1   [ RunTime:0.0004s ]
INFO: [ app_end ] --START--
INFO: Run Behavior\ShowPageTraceBehavior [ RunTime:0.000862s ]
INFO: [ app_end ] --END-- [ RunTime:0.000975s ]

[ 2017-04-07T11:21:58+08:00 ] ::1 /index.php/Mobile/Index
INFO: [ app_init ] --START--
INFO: Run Behavior\BuildLiteBehavior [ RunTime:0.000025s ]
INFO: [ app_init ] --END-- [ RunTime:0.000590s ]
INFO: [ app_begin ] --START--
INFO: Run Behavior\ReadHtmlCacheBehavior [ RunTime:0.000656s ]
INFO: [ app_begin ] --END-- [ RunTime:0.000746s ]
SQL: SHOW COLUMNS FROM `ts_video` [ RunTime:0.0053s ]
INFO: [ view_parse ] --START--
INFO: [ template_filter ] --START--
INFO: Run Behavior\ContentReplaceBehavior [ RunTime:0.000176s ]
INFO: [ template_filter ] --END-- [ RunTime:0.000241s ]
NOTIC: [8] Undefined variable: videolist /wwwroot/move_forum/Application/Runtime/Cache/Mobile/59803a09875c7569286531ef77035039.php 第 153 行.
NOTIC: [8] Undefined variable: videolist /wwwroot/move_forum/Application/Runtime/Cache/Mobile/59803a09875c7569286531ef77035039.php 第 157 行.
NOTIC: [8] Undefined variable: videolist /wwwroot/move_forum/Application/Runtime/Cache/Mobile/59803a09875c7569286531ef77035039.php 第 161 行.
NOTIC: [8] Undefined variable: about /wwwroot/move_forum/Application/Runtime/Cache/Mobile/59803a09875c7569286531ef77035039.php 第 165 行.
INFO: Run Behavior\ParseTemplateBehavior [ RunTime:0.020411s ]
INFO: [ view_parse ] --END-- [ RunTime:0.020482s ]
INFO: [ view_filter ] --START--
INFO: Run Behavior\WriteHtmlCacheBehavior [ RunTime:0.000290s ]
INFO: [ view_filter ] --END-- [ RunTime:0.000353s ]
INFO: [ app_end ] --START--
INFO: Run Behavior\ShowPageTraceBehavior [ RunTime:0.011388s ]
INFO: [ app_end ] --END-- [ RunTime:0.011487s ]

[ 2017-04-07T11:21:59+08:00 ] ::1 /index.php/Mobile/Index/newTopList.html
INFO: [ app_init ] --START--
INFO: Run Behavior\BuildLiteBehavior [ RunTime:0.000022s ]
INFO: [ app_init ] --END-- [ RunTime:0.000484s ]
INFO: [ app_begin ] --START--
INFO: Run Behavior\ReadHtmlCacheBehavior [ RunTime:0.001033s ]
INFO: [ app_begin ] --END-- [ RunTime:0.001128s ]
SQL: SHOW COLUMNS FROM `ts_video` [ RunTime:0.0027s ]
SQL: SHOW COLUMNS FROM `ts_video` [ RunTime:0.0025s ]
SQL: SELECT * FROM `ts_video` WHERE ( status = 1 ) ORDER BY hit DESC LIMIT 0,6   [ RunTime:0.0009s ]
SQL: SELECT COUNT(*) AS tp_count FROM `ts_video` WHERE ( status = 1 ) LIMIT 1   [ RunTime:0.0003s ]
INFO: [ app_end ] --START--
INFO: Run Behavior\ShowPageTraceBehavior [ RunTime:0.000799s ]
INFO: [ app_end ] --END-- [ RunTime:0.000898s ]

[ 2017-04-07T11:21:59+08:00 ] ::1 /index.php/Mobile/Index/newList.html
INFO: [ app_init ] --START--
INFO: Run Behavior\BuildLiteBehavior [ RunTime:0.000031s ]
INFO: [ app_init ] --END-- [ RunTime:0.000620s ]
INFO: [ app_begin ] --START--
INFO: Run Behavior\ReadHtmlCacheBehavior [ RunTime:0.000609s ]
INFO: [ app_begin ] --END-- [ RunTime:0.000686s ]
SQL: SHOW COLUMNS FROM `ts_video` [ RunTime:0.0019s ]
SQL: SHOW COLUMNS FROM `ts_video` [ RunTime:0.0017s ]
SQL: SELECT * FROM `ts_video` WHERE ( status = 1 ) ORDER BY id DESC LIMIT 0,10   [ RunTime:0.0009s ]
SQL: SELECT COUNT(*) AS tp_count FROM `ts_video` WHERE ( status = 1 ) LIMIT 1   [ RunTime:0.0004s ]
INFO: [ app_end ] --START--
INFO: Run Behavior\ShowPageTraceBehavior [ RunTime:0.001346s ]
INFO: [ app_end ] --END-- [ RunTime:0.001501s ]

[ 2017-04-07T11:22:36+08:00 ] ::1 /index.php/Mobile/Index
INFO: [ app_init ] --START--
INFO: Run Behavior\BuildLiteBehavior [ RunTime:0.000043s ]
INFO: [ app_init ] --END-- [ RunTime:0.000687s ]
INFO: [ app_begin ] --START--
INFO: Run Behavior\ReadHtmlCacheBehavior [ RunTime:0.000840s ]
INFO: [ app_begin ] --END-- [ RunTime:0.000945s ]
SQL: SHOW COLUMNS FROM `ts_video` [ RunTime:0.0034s ]
INFO: [ view_parse ] --START--
INFO: [ template_filter ] --START--
INFO: Run Behavior\ContentReplaceBehavior [ RunTime:0.000213s ]
INFO: [ template_filter ] --END-- [ RunTime:0.000289s ]
NOTIC: [8] Undefined variable: videolist /wwwroot/move_forum/Application/Runtime/Cache/Mobile/59803a09875c7569286531ef77035039.php 第 153 行.
NOTIC: [8] Undefined variable: videolist /wwwroot/move_forum/Application/Runtime/Cache/Mobile/59803a09875c7569286531ef77035039.php 第 157 行.
NOTIC: [8] Undefined variable: videolist /wwwroot/move_forum/Application/Runtime/Cache/Mobile/59803a09875c7569286531ef77035039.php 第 161 行.
NOTIC: [8] Undefined variable: about /wwwroot/move_forum/Application/Runtime/Cache/Mobile/59803a09875c7569286531ef77035039.php 第 165 行.
INFO: Run Behavior\ParseTemplateBehavior [ RunTime:0.019607s ]
INFO: [ view_parse ] --END-- [ RunTime:0.019692s ]
INFO: [ view_filter ] --START--
INFO: Run Behavior\WriteHtmlCacheBehavior [ RunTime:0.000332s ]
INFO: [ view_filter ] --END-- [ RunTime:0.000389s ]
INFO: [ app_end ] --START--
INFO: Run Behavior\ShowPageTraceBehavior [ RunTime:0.000819s ]
INFO: [ app_end ] --END-- [ RunTime:0.000899s ]

[ 2017-04-07T11:22:36+08:00 ] ::1 /index.php/Mobile/Index/newList.html
INFO: [ app_init ] --START--
INFO: Run Behavior\BuildLiteBehavior [ RunTime:0.000018s ]
INFO: [ app_init ] --END-- [ RunTime:0.000476s ]
INFO: [ app_begin ] --START--
INFO: Run Behavior\ReadHtmlCacheBehavior [ RunTime:0.000621s ]
INFO: [ app_begin ] --END-- [ RunTime:0.000705s ]
SQL: SHOW COLUMNS FROM `ts_video` [ RunTime:0.0024s ]
SQL: SHOW COLUMNS FROM `ts_video` [ RunTime:0.0017s ]
SQL: SELECT * FROM `ts_video` WHERE ( status = 1 ) ORDER BY id DESC LIMIT 0,10   [ RunTime:0.0004s ]
SQL: SELECT COUNT(*) AS tp_count FROM `ts_video` WHERE ( status = 1 ) LIMIT 1   [ RunTime:0.0003s ]
INFO: [ app_end ] --START--
INFO: Run Behavior\ShowPageTraceBehavior [ RunTime:0.000866s ]
INFO: [ app_end ] --END-- [ RunTime:0.000986s ]

[ 2017-04-07T11:22:37+08:00 ] ::1 /index.php/Mobile/Index/newTopList.html
INFO: [ app_init ] --START--
INFO: Run Behavior\BuildLiteBehavior [ RunTime:0.000016s ]
INFO: [ app_init ] --END-- [ RunTime:0.000444s ]
INFO: [ app_begin ] --START--
INFO: Run Behavior\ReadHtmlCacheBehavior [ RunTime:0.000567s ]
INFO: [ app_begin ] --END-- [ RunTime:0.000629s ]
SQL: SHOW COLUMNS FROM `ts_video` [ RunTime:0.0031s ]
SQL: SHOW COLUMNS FROM `ts_video` [ RunTime:0.0015s ]
SQL: SELECT * FROM `ts_video` WHERE ( status = 1 ) ORDER BY hit DESC LIMIT 0,6   [ RunTime:0.0004s ]
SQL: SELECT COUNT(*) AS tp_count FROM `ts_video` WHERE ( status = 1 ) LIMIT 1   [ RunTime:0.0003s ]
INFO: [ app_end ] --START--
INFO: Run Behavior\ShowPageTraceBehavior [ RunTime:0.000891s ]
INFO: [ app_end ] --END-- [ RunTime:0.000997s ]

[ 2017-04-07T11:23:19+08:00 ] ::1 /index.php/Mobile/Index
INFO: [ app_init ] --START--
INFO: Run Behavior\BuildLiteBehavior [ RunTime:0.000018s ]
INFO: [ app_init ] --END-- [ RunTime:0.000393s ]
INFO: [ app_begin ] --START--
INFO: Run Behavior\ReadHtmlCacheBehavior [ RunTime:0.001273s ]
INFO: [ app_begin ] --END-- [ RunTime:0.001516s ]
SQL: SHOW COLUMNS FROM `ts_video` [ RunTime:0.0032s ]
INFO: [ view_parse ] --START--
INFO: [ template_filter ] --START--
INFO: Run Behavior\ContentReplaceBehavior [ RunTime:0.000215s ]
INFO: [ template_filter ] --END-- [ RunTime:0.000321s ]
NOTIC: [8] Undefined variable: videolist /wwwroot/move_forum/Application/Runtime/Cache/Mobile/59803a09875c7569286531ef77035039.php 第 153 行.
NOTIC: [8] Undefined variable: videolist /wwwroot/move_forum/Application/Runtime/Cache/Mobile/59803a09875c7569286531ef77035039.php 第 157 行.
NOTIC: [8] Undefined variable: videolist /wwwroot/move_forum/Application/Runtime/Cache/Mobile/59803a09875c7569286531ef77035039.php 第 161 行.
NOTIC: [8] Undefined variable: about /wwwroot/move_forum/Application/Runtime/Cache/Mobile/59803a09875c7569286531ef77035039.php 第 165 行.
INFO: Run Behavior\ParseTemplateBehavior [ RunTime:0.019122s ]
INFO: [ view_parse ] --END-- [ RunTime:0.019295s ]
INFO: [ view_filter ] --START--
INFO: Run Behavior\WriteHtmlCacheBehavior [ RunTime:0.000273s ]
INFO: [ view_filter ] --END-- [ RunTime:0.000323s ]
INFO: [ app_end ] --START--
INFO: Run Behavior\ShowPageTraceBehavior [ RunTime:0.000713s ]
INFO: [ app_end ] --END-- [ RunTime:0.000999s ]

[ 2017-04-07T11:23:20+08:00 ] ::1 /index.php/Mobile/Index/newTopList.html
INFO: [ app_init ] --START--
INFO: Run Behavior\BuildLiteBehavior [ RunTime:0.000023s ]
INFO: [ app_init ] --END-- [ RunTime:0.000489s ]
INFO: [ app_begin ] --START--
INFO: Run Behavior\ReadHtmlCacheBehavior [ RunTime:0.000589s ]
INFO: [ app_begin ] --END-- [ RunTime:0.000654s ]
SQL: SHOW COLUMNS FROM `ts_video` [ RunTime:0.0026s ]
SQL: SHOW COLUMNS FROM `ts_video` [ RunTime:0.0018s ]
SQL: SELECT * FROM `ts_video` WHERE ( status = 1 ) ORDER BY hit DESC LIMIT 0,6   [ RunTime:0.0008s ]
SQL: SELECT COUNT(*) AS tp_count FROM `ts_video` WHERE ( status = 1 ) LIMIT 1   [ RunTime:0.0004s ]
INFO: [ app_end ] --START--
INFO: Run Behavior\ShowPageTraceBehavior [ RunTime:0.000904s ]
INFO: [ app_end ] --END-- [ RunTime:0.001020s ]

[ 2017-04-07T11:23:20+08:00 ] ::1 /index.php/Mobile/Index/newList.html
INFO: [ app_init ] --START--
INFO: Run Behavior\BuildLiteBehavior [ RunTime:0.000020s ]
INFO: [ app_init ] --END-- [ RunTime:0.000480s ]
INFO: [ app_begin ] --START--
INFO: Run Behavior\ReadHtmlCacheBehavior [ RunTime:0.000646s ]
INFO: [ app_begin ] --END-- [ RunTime:0.000722s ]
SQL: SHOW COLUMNS FROM `ts_video` [ RunTime:0.0017s ]
SQL: SHOW COLUMNS FROM `ts_video` [ RunTime:0.0017s ]
SQL: SELECT * FROM `ts_video` WHERE ( status = 1 ) ORDER BY id DESC LIMIT 0,10   [ RunTime:0.0005s ]
SQL: SELECT COUNT(*) AS tp_count FROM `ts_video` WHERE ( status = 1 ) LIMIT 1   [ RunTime:0.0003s ]
INFO: [ app_end ] --START--
INFO: Run Behavior\ShowPageTraceBehavior [ RunTime:0.001569s ]
INFO: [ app_end ] --END-- [ RunTime:0.001661s ]

[ 2017-04-07T11:24:38+08:00 ] ::1 /index.php/Mobile/Index
INFO: [ app_init ] --START--
INFO: Run Behavior\BuildLiteBehavior [ RunTime:0.000077s ]
INFO: [ app_init ] --END-- [ RunTime:0.001122s ]
INFO: [ app_begin ] --START--
INFO: Run Behavior\ReadHtmlCacheBehavior [ RunTime:0.000679s ]
INFO: [ app_begin ] --END-- [ RunTime:0.000736s ]
SQL: SHOW COLUMNS FROM `ts_video` [ RunTime:0.0012s ]
INFO: [ view_parse ] --START--
INFO: [ template_filter ] --START--
INFO: Run Behavior\ContentReplaceBehavior [ RunTime:0.000189s ]
INFO: [ template_filter ] --END-- [ RunTime:0.000247s ]
NOTIC: [8] Undefined variable: videolist /wwwroot/move_forum/Application/Runtime/Cache/Mobile/59803a09875c7569286531ef77035039.php 第 153 行.
NOTIC: [8] Undefined variable: videolist /wwwroot/move_forum/Application/Runtime/Cache/Mobile/59803a09875c7569286531ef77035039.php 第 157 行.
NOTIC: [8] Undefined variable: videolist /wwwroot/move_forum/Application/Runtime/Cache/Mobile/59803a09875c7569286531ef77035039.php 第 161 行.
NOTIC: [8] Undefined variable: about /wwwroot/move_forum/Application/Runtime/Cache/Mobile/59803a09875c7569286531ef77035039.php 第 165 行.
INFO: Run Behavior\ParseTemplateBehavior [ RunTime:0.011638s ]
INFO: [ view_parse ] --END-- [ RunTime:0.011700s ]
INFO: [ view_filter ] --START--
INFO: Run Behavior\WriteHtmlCacheBehavior [ RunTime:0.000419s ]
INFO: [ view_filter ] --END-- [ RunTime:0.000468s ]
INFO: [ app_end ] --START--
INFO: Run Behavior\ShowPageTraceBehavior [ RunTime:0.001467s ]
INFO: [ app_end ] --END-- [ RunTime:0.001669s ]

[ 2017-04-07T11:24:39+08:00 ] ::1 /index.php/Mobile/Index/newList.html
INFO: [ app_init ] --START--
INFO: Run Behavior\BuildLiteBehavior [ RunTime:0.000015s ]
INFO: [ app_init ] --END-- [ RunTime:0.000620s ]
INFO: [ app_begin ] --START--
INFO: Run Behavior\ReadHtmlCacheBehavior [ RunTime:0.000585s ]
INFO: [ app_begin ] --END-- [ RunTime:0.000645s ]
SQL: SHOW COLUMNS FROM `ts_video` [ RunTime:0.0023s ]
SQL: SHOW COLUMNS FROM `ts_video` [ RunTime:0.0019s ]
SQL: SELECT * FROM `ts_video` WHERE ( status = 1 ) ORDER BY id DESC LIMIT 0,10   [ RunTime:0.0004s ]
SQL: SELECT COUNT(*) AS tp_count FROM `ts_video` WHERE ( status = 1 ) LIMIT 1   [ RunTime:0.0004s ]
INFO: [ app_end ] --START--
INFO: Run Behavior\ShowPageTraceBehavior [ RunTime:0.001503s ]
INFO: [ app_end ] --END-- [ RunTime:0.001743s ]

[ 2017-04-07T11:24:39+08:00 ] ::1 /index.php/Mobile/Index/newTopList.html
INFO: [ app_init ] --START--
INFO: Run Behavior\BuildLiteBehavior [ RunTime:0.000015s ]
INFO: [ app_init ] --END-- [ RunTime:0.000417s ]
INFO: [ app_begin ] --START--
INFO: Run Behavior\ReadHtmlCacheBehavior [ RunTime:0.000507s ]
INFO: [ app_begin ] --END-- [ RunTime:0.000560s ]
SQL: SHOW COLUMNS FROM `ts_video` [ RunTime:0.0018s ]
SQL: SHOW COLUMNS FROM `ts_video` [ RunTime:0.0019s ]
SQL: SELECT * FROM `ts_video` WHERE ( status = 1 ) ORDER BY hit DESC LIMIT 0,6   [ RunTime:0.0004s ]
SQL: SELECT COUNT(*) AS tp_count FROM `ts_video` WHERE ( status = 1 ) LIMIT 1   [ RunTime:0.0003s ]
INFO: [ app_end ] --START--
INFO: Run Behavior\ShowPageTraceBehavior [ RunTime:0.001327s ]
INFO: [ app_end ] --END-- [ RunTime:0.001681s ]

[ 2017-04-07T11:24:59+08:00 ] ::1 /index.php/Mobile/Index
INFO: [ app_init ] --START--
INFO: Run Behavior\BuildLiteBehavior [ RunTime:0.000045s ]
INFO: [ app_init ] --END-- [ RunTime:0.000664s ]
INFO: [ app_begin ] --START--
INFO: Run Behavior\ReadHtmlCacheBehavior [ RunTime:0.000529s ]
INFO: [ app_begin ] --END-- [ RunTime:0.000585s ]
SQL: SHOW COLUMNS FROM `ts_video` [ RunTime:0.0028s ]
INFO: [ view_parse ] --START--
INFO: [ template_filter ] --START--
INFO: Run Behavior\ContentReplaceBehavior [ RunTime:0.000166s ]
INFO: [ template_filter ] --END-- [ RunTime:0.000223s ]
NOTIC: [8] Undefined variable: videolist /wwwroot/move_forum/Application/Runtime/Cache/Mobile/59803a09875c7569286531ef77035039.php 第 153 行.
NOTIC: [8] Undefined variable: videolist /wwwroot/move_forum/Application/Runtime/Cache/Mobile/59803a09875c7569286531ef77035039.php 第 157 行.
NOTIC: [8] Undefined variable: videolist /wwwroot/move_forum/Application/Runtime/Cache/Mobile/59803a09875c7569286531ef77035039.php 第 161 行.
NOTIC: [8] Undefined variable: about /wwwroot/move_forum/Application/Runtime/Cache/Mobile/59803a09875c7569286531ef77035039.php 第 165 行.
INFO: Run Behavior\ParseTemplateBehavior [ RunTime:0.012560s ]
INFO: [ view_parse ] --END-- [ RunTime:0.012637s ]
INFO: [ view_filter ] --START--
INFO: Run Behavior\WriteHtmlCacheBehavior [ RunTime:0.000184s ]
INFO: [ view_filter ] --END-- [ RunTime:0.000223s ]
INFO: [ app_end ] --START--
INFO: Run Behavior\ShowPageTraceBehavior [ RunTime:0.000689s ]
INFO: [ app_end ] --END-- [ RunTime:0.000767s ]

[ 2017-04-07T11:24:59+08:00 ] ::1 /index.php/Mobile/Index/newTopList.html
INFO: [ app_init ] --START--
INFO: Run Behavior\BuildLiteBehavior [ RunTime:0.000020s ]
INFO: [ app_init ] --END-- [ RunTime:0.000518s ]
INFO: [ app_begin ] --START--
INFO: Run Behavior\ReadHtmlCacheBehavior [ RunTime:0.000989s ]
INFO: [ app_begin ] --END-- [ RunTime:0.003580s ]
SQL: SHOW COLUMNS FROM `ts_video` [ RunTime:0.0030s ]
SQL: SHOW COLUMNS FROM `ts_video` [ RunTime:0.0019s ]
SQL: SELECT * FROM `ts_video` WHERE ( status = 1 ) ORDER BY hit DESC LIMIT 0,6   [ RunTime:0.0004s ]
SQL: SELECT COUNT(*) AS tp_count FROM `ts_video` WHERE ( status = 1 ) LIMIT 1   [ RunTime:0.0003s ]
INFO: [ app_end ] --START--
INFO: Run Behavior\ShowPageTraceBehavior [ RunTime:0.000668s ]
INFO: [ app_end ] --END-- [ RunTime:0.000758s ]

[ 2017-04-07T11:24:59+08:00 ] ::1 /index.php/Mobile/Index/newList.html
INFO: [ app_init ] --START--
INFO: Run Behavior\BuildLiteBehavior [ RunTime:0.000037s ]
INFO: [ app_init ] --END-- [ RunTime:0.000748s ]
INFO: [ app_begin ] --START--
INFO: Run Behavior\ReadHtmlCacheBehavior [ RunTime:0.000668s ]
INFO: [ app_begin ] --END-- [ RunTime:0.000747s ]
SQL: SHOW COLUMNS FROM `ts_video` [ RunTime:0.0015s ]
SQL: SHOW COLUMNS FROM `ts_video` [ RunTime:0.0016s ]
SQL: SELECT * FROM `ts_video` WHERE ( status = 1 ) ORDER BY id DESC LIMIT 0,10   [ RunTime:0.0005s ]
SQL: SELECT COUNT(*) AS tp_count FROM `ts_video` WHERE ( status = 1 ) LIMIT 1   [ RunTime:0.0003s ]
INFO: [ app_end ] --START--
INFO: Run Behavior\ShowPageTraceBehavior [ RunTime:0.001276s ]
INFO: [ app_end ] --END-- [ RunTime:0.001390s ]

[ 2017-04-07T11:25:34+08:00 ] ::1 /index.php/Mobile/Index
INFO: [ app_init ] --START--
INFO: Run Behavior\BuildLiteBehavior [ RunTime:0.000021s ]
INFO: [ app_init ] --END-- [ RunTime:0.000533s ]
INFO: [ app_begin ] --START--
INFO: Run Behavior\ReadHtmlCacheBehavior [ RunTime:0.000922s ]
INFO: [ app_begin ] --END-- [ RunTime:0.001067s ]
SQL: SHOW COLUMNS FROM `ts_video` [ RunTime:0.0020s ]
INFO: [ view_parse ] --START--
INFO: [ template_filter ] --START--
INFO: Run Behavior\ContentReplaceBehavior [ RunTime:0.000164s ]
INFO: [ template_filter ] --END-- [ RunTime:0.000240s ]
NOTIC: [8] Undefined variable: videolist /wwwroot/move_forum/Application/Runtime/Cache/Mobile/59803a09875c7569286531ef77035039.php 第 153 行.
NOTIC: [8] Undefined variable: videolist /wwwroot/move_forum/Application/Runtime/Cache/Mobile/59803a09875c7569286531ef77035039.php 第 157 行.
NOTIC: [8] Undefined variable: videolist /wwwroot/move_forum/Application/Runtime/Cache/Mobile/59803a09875c7569286531ef77035039.php 第 161 行.
NOTIC: [8] Undefined variable: about /wwwroot/move_forum/Application/Runtime/Cache/Mobile/59803a09875c7569286531ef77035039.php 第 165 行.
INFO: Run Behavior\ParseTemplateBehavior [ RunTime:0.013059s ]
INFO: [ view_parse ] --END-- [ RunTime:0.013106s ]
INFO: [ view_filter ] --START--
INFO: Run Behavior\WriteHtmlCacheBehavior [ RunTime:0.000237s ]
INFO: [ view_filter ] --END-- [ RunTime:0.000286s ]
INFO: [ app_end ] --START--
INFO: Run Behavior\ShowPageTraceBehavior [ RunTime:0.007373s ]
INFO: [ app_end ] --END-- [ RunTime:0.007970s ]

[ 2017-04-07T11:25:35+08:00 ] ::1 /index.php/Mobile/Index/newTopList.html
INFO: [ app_init ] --START--
INFO: Run Behavior\BuildLiteBehavior [ RunTime:0.000096s ]
INFO: [ app_init ] --END-- [ RunTime:0.000561s ]
INFO: [ app_begin ] --START--
INFO: Run Behavior\ReadHtmlCacheBehavior [ RunTime:0.000593s ]
INFO: [ app_begin ] --END-- [ RunTime:0.000670s ]
SQL: SHOW COLUMNS FROM `ts_video` [ RunTime:0.0027s ]
SQL: SHOW COLUMNS FROM `ts_video` [ RunTime:0.0011s ]
SQL: SELECT * FROM `ts_video` WHERE ( status = 1 ) ORDER BY hit DESC LIMIT 0,6   [ RunTime:0.0004s ]
SQL: SELECT COUNT(*) AS tp_count FROM `ts_video` WHERE ( status = 1 ) LIMIT 1   [ RunTime:0.0002s ]
INFO: [ app_end ] --START--
INFO: Run Behavior\ShowPageTraceBehavior [ RunTime:0.000580s ]
INFO: [ app_end ] --END-- [ RunTime:0.000655s ]

[ 2017-04-07T11:25:35+08:00 ] ::1 /index.php/Mobile/Index/newList.html
INFO: [ app_init ] --START--
INFO: Run Behavior\BuildLiteBehavior [ RunTime:0.000020s ]
INFO: [ app_init ] --END-- [ RunTime:0.000447s ]
INFO: [ app_begin ] --START--
INFO: Run Behavior\ReadHtmlCacheBehavior [ RunTime:0.000646s ]
INFO: [ app_begin ] --END-- [ RunTime:0.000720s ]
SQL: SHOW COLUMNS FROM `ts_video` [ RunTime:0.0015s ]
SQL: SHOW COLUMNS FROM `ts_video` [ RunTime:0.0020s ]
SQL: SELECT * FROM `ts_video` WHERE ( status = 1 ) ORDER BY id DESC LIMIT 0,10   [ RunTime:0.0008s ]
SQL: SELECT COUNT(*) AS tp_count FROM `ts_video` WHERE ( status = 1 ) LIMIT 1   [ RunTime:0.0003s ]
INFO: [ app_end ] --START--
INFO: Run Behavior\ShowPageTraceBehavior [ RunTime:0.000820s ]
INFO: [ app_end ] --END-- [ RunTime:0.000906s ]

[ 2017-04-07T11:25:52+08:00 ] ::1 /index.php/Mobile/Index
INFO: [ app_init ] --START--
INFO: Run Behavior\BuildLiteBehavior [ RunTime:0.000023s ]
INFO: [ app_init ] --END-- [ RunTime:0.000509s ]
INFO: [ app_begin ] --START--
INFO: Run Behavior\ReadHtmlCacheBehavior [ RunTime:0.000776s ]
INFO: [ app_begin ] --END-- [ RunTime:0.000860s ]
SQL: SHOW COLUMNS FROM `ts_video` [ RunTime:0.0019s ]
INFO: [ view_parse ] --START--
INFO: [ template_filter ] --START--
INFO: Run Behavior\ContentReplaceBehavior [ RunTime:0.000162s ]
INFO: [ template_filter ] --END-- [ RunTime:0.000210s ]
NOTIC: [8] Undefined variable: videolist /wwwroot/move_forum/Application/Runtime/Cache/Mobile/59803a09875c7569286531ef77035039.php 第 153 行.
NOTIC: [8] Undefined variable: videolist /wwwroot/move_forum/Application/Runtime/Cache/Mobile/59803a09875c7569286531ef77035039.php 第 157 行.
NOTIC: [8] Undefined variable: videolist /wwwroot/move_forum/Application/Runtime/Cache/Mobile/59803a09875c7569286531ef77035039.php 第 161 行.
NOTIC: [8] Undefined variable: about /wwwroot/move_forum/Application/Runtime/Cache/Mobile/59803a09875c7569286531ef77035039.php 第 165 行.
INFO: Run Behavior\ParseTemplateBehavior [ RunTime:0.009369s ]
INFO: [ view_parse ] --END-- [ RunTime:0.009414s ]
INFO: [ view_filter ] --START--
INFO: Run Behavior\WriteHtmlCacheBehavior [ RunTime:0.000209s ]
INFO: [ view_filter ] --END-- [ RunTime:0.000242s ]
INFO: [ app_end ] --START--
INFO: Run Behavior\ShowPageTraceBehavior [ RunTime:0.000567s ]
INFO: [ app_end ] --END-- [ RunTime:0.000641s ]

[ 2017-04-07T11:25:53+08:00 ] ::1 /index.php/Mobile/Index/newTopList.html
INFO: [ app_init ] --START--
INFO: Run Behavior\BuildLiteBehavior [ RunTime:0.000026s ]
INFO: [ app_init ] --END-- [ RunTime:0.000430s ]
INFO: [ app_begin ] --START--
INFO: Run Behavior\ReadHtmlCacheBehavior [ RunTime:0.000735s ]
INFO: [ app_begin ] --END-- [ RunTime:0.000797s ]
SQL: SHOW COLUMNS FROM `ts_video` [ RunTime:0.0030s ]
SQL: SHOW COLUMNS FROM `ts_video` [ RunTime:0.0034s ]
SQL: SELECT * FROM `ts_video` WHERE ( status = 1 ) ORDER BY hit DESC LIMIT 0,6   [ RunTime:0.0004s ]
SQL: SELECT COUNT(*) AS tp_count FROM `ts_video` WHERE ( status = 1 ) LIMIT 1   [ RunTime:0.0004s ]
INFO: [ app_end ] --START--
INFO: Run Behavior\ShowPageTraceBehavior [ RunTime:0.001405s ]
INFO: [ app_end ] --END-- [ RunTime:0.002618s ]

[ 2017-04-07T11:25:53+08:00 ] ::1 /index.php/Mobile/Index/newList.html
INFO: [ app_init ] --START--
INFO: Run Behavior\BuildLiteBehavior [ RunTime:0.000019s ]
INFO: [ app_init ] --END-- [ RunTime:0.000609s ]
INFO: [ app_begin ] --START--
INFO: Run Behavior\ReadHtmlCacheBehavior [ RunTime:0.000800s ]
INFO: [ app_begin ] --END-- [ RunTime:0.000888s ]
SQL: SHOW COLUMNS FROM `ts_video` [ RunTime:0.0017s ]
SQL: SHOW COLUMNS FROM `ts_video` [ RunTime:0.0016s ]
SQL: SELECT * FROM `ts_video` WHERE ( status = 1 ) ORDER BY id DESC LIMIT 0,10   [ RunTime:0.0010s ]
SQL: SELECT COUNT(*) AS tp_count FROM `ts_video` WHERE ( status = 1 ) LIMIT 1   [ RunTime:0.0005s ]
INFO: [ app_end ] --START--
INFO: Run Behavior\ShowPageTraceBehavior [ RunTime:0.000782s ]
INFO: [ app_end ] --END-- [ RunTime:0.000879s ]

[ 2017-04-07T11:25:54+08:00 ] ::1 /index.php/Mobile/Index
INFO: [ app_init ] --START--
INFO: Run Behavior\BuildLiteBehavior [ RunTime:0.000023s ]
INFO: [ app_init ] --END-- [ RunTime:0.000558s ]
INFO: [ app_begin ] --START--
INFO: Run Behavior\ReadHtmlCacheBehavior [ RunTime:0.000755s ]
INFO: [ app_begin ] --END-- [ RunTime:0.000833s ]
SQL: SHOW COLUMNS FROM `ts_video` [ RunTime:0.0029s ]
INFO: [ view_parse ] --START--
INFO: [ template_filter ] --START--
INFO: Run Behavior\ContentReplaceBehavior [ RunTime:0.000169s ]
INFO: [ template_filter ] --END-- [ RunTime:0.000269s ]
NOTIC: [8] Undefined variable: videolist /wwwroot/move_forum/Application/Runtime/Cache/Mobile/59803a09875c7569286531ef77035039.php 第 153 行.
NOTIC: [8] Undefined variable: videolist /wwwroot/move_forum/Application/Runtime/Cache/Mobile/59803a09875c7569286531ef77035039.php 第 157 行.
NOTIC: [8] Undefined variable: videolist /wwwroot/move_forum/Application/Runtime/Cache/Mobile/59803a09875c7569286531ef77035039.php 第 161 行.
NOTIC: [8] Undefined variable: about /wwwroot/move_forum/Application/Runtime/Cache/Mobile/59803a09875c7569286531ef77035039.php 第 165 行.
INFO: Run Behavior\ParseTemplateBehavior [ RunTime:0.011348s ]
INFO: [ view_parse ] --END-- [ RunTime:0.011425s ]
INFO: [ view_filter ] --START--
INFO: Run Behavior\WriteHtmlCacheBehavior [ RunTime:0.000268s ]
INFO: [ view_filter ] --END-- [ RunTime:0.000323s ]
INFO: [ app_end ] --START--
INFO: Run Behavior\ShowPageTraceBehavior [ RunTime:0.001335s ]
INFO: [ app_end ] --END-- [ RunTime:0.001435s ]

[ 2017-04-07T11:25:55+08:00 ] ::1 /index.php/Mobile/Index/newTopList.html
INFO: [ app_init ] --START--
INFO: Run Behavior\BuildLiteBehavior [ RunTime:0.000028s ]
INFO: [ app_init ] --END-- [ RunTime:0.000785s ]
INFO: [ app_begin ] --START--
INFO: Run Behavior\ReadHtmlCacheBehavior [ RunTime:0.000755s ]
INFO: [ app_begin ] --END-- [ RunTime:0.000922s ]
SQL: SHOW COLUMNS FROM `ts_video` [ RunTime:0.0028s ]
SQL: SHOW COLUMNS FROM `ts_video` [ RunTime:0.0038s ]
SQL: SELECT * FROM `ts_video` WHERE ( status = 1 ) ORDER BY hit DESC LIMIT 0,6   [ RunTime:0.0005s ]
SQL: SELECT COUNT(*) AS tp_count FROM `ts_video` WHERE ( status = 1 ) LIMIT 1   [ RunTime:0.0003s ]
INFO: [ app_end ] --START--
INFO: Run Behavior\ShowPageTraceBehavior [ RunTime:0.001652s ]
INFO: [ app_end ] --END-- [ RunTime:0.001761s ]

[ 2017-04-07T11:25:55+08:00 ] ::1 /index.php/Mobile/Index/newList.html
INFO: [ app_init ] --START--
INFO: Run Behavior\BuildLiteBehavior [ RunTime:0.000035s ]
INFO: [ app_init ] --END-- [ RunTime:0.000673s ]
INFO: [ app_begin ] --START--
INFO: Run Behavior\ReadHtmlCacheBehavior [ RunTime:0.000675s ]
INFO: [ app_begin ] --END-- [ RunTime:0.000763s ]
SQL: SHOW COLUMNS FROM `ts_video` [ RunTime:0.0033s ]
SQL: SHOW COLUMNS FROM `ts_video` [ RunTime:0.0018s ]
SQL: SELECT * FROM `ts_video` WHERE ( status = 1 ) ORDER BY id DESC LIMIT 0,10   [ RunTime:0.0005s ]
SQL: SELECT COUNT(*) AS tp_count FROM `ts_video` WHERE ( status = 1 ) LIMIT 1   [ RunTime:0.0004s ]
INFO: [ app_end ] --START--
INFO: Run Behavior\ShowPageTraceBehavior [ RunTime:0.000821s ]
INFO: [ app_end ] --END-- [ RunTime:0.000925s ]

[ 2017-04-07T11:26:56+08:00 ] ::1 /index.php/Mobile/Index
INFO: [ app_init ] --START--
INFO: Run Behavior\BuildLiteBehavior [ RunTime:0.000015s ]
INFO: [ app_init ] --END-- [ RunTime:0.000447s ]
INFO: [ app_begin ] --START--
INFO: Run Behavior\ReadHtmlCacheBehavior [ RunTime:0.000419s ]
INFO: [ app_begin ] --END-- [ RunTime:0.000467s ]
SQL: SHOW COLUMNS FROM `ts_video` [ RunTime:0.0021s ]
INFO: [ view_parse ] --START--
INFO: [ template_filter ] --START--
INFO: Run Behavior\ContentReplaceBehavior [ RunTime:0.000140s ]
INFO: [ template_filter ] --END-- [ RunTime:0.000195s ]
NOTIC: [8] Undefined variable: videolist /wwwroot/move_forum/Application/Runtime/Cache/Mobile/59803a09875c7569286531ef77035039.php 第 153 行.
NOTIC: [8] Undefined variable: videolist /wwwroot/move_forum/Application/Runtime/Cache/Mobile/59803a09875c7569286531ef77035039.php 第 157 行.
NOTIC: [8] Undefined variable: videolist /wwwroot/move_forum/Application/Runtime/Cache/Mobile/59803a09875c7569286531ef77035039.php 第 161 行.
NOTIC: [8] Undefined variable: about /wwwroot/move_forum/Application/Runtime/Cache/Mobile/59803a09875c7569286531ef77035039.php 第 165 行.
INFO: Run Behavior\ParseTemplateBehavior [ RunTime:0.008752s ]
INFO: [ view_parse ] --END-- [ RunTime:0.008786s ]
INFO: [ view_filter ] --START--
INFO: Run Behavior\WriteHtmlCacheBehavior [ RunTime:0.000162s ]
INFO: [ view_filter ] --END-- [ RunTime:0.000196s ]
INFO: [ app_end ] --START--
INFO: Run Behavior\ShowPageTraceBehavior [ RunTime:0.000744s ]
INFO: [ app_end ] --END-- [ RunTime:0.000836s ]

[ 2017-04-07T11:26:57+08:00 ] ::1 /index.php/Mobile/Index/newTopList.html
INFO: [ app_init ] --START--
INFO: Run Behavior\BuildLiteBehavior [ RunTime:0.000018s ]
INFO: [ app_init ] --END-- [ RunTime:0.000460s ]
INFO: [ app_begin ] --START--
INFO: Run Behavior\ReadHtmlCacheBehavior [ RunTime:0.001849s ]
INFO: [ app_begin ] --END-- [ RunTime:0.002037s ]
SQL: SHOW COLUMNS FROM `ts_video` [ RunTime:0.0023s ]
SQL: SHOW COLUMNS FROM `ts_video` [ RunTime:0.0032s ]
SQL: SELECT * FROM `ts_video` WHERE ( status = 1 ) ORDER BY hit DESC LIMIT 0,6   [ RunTime:0.0004s ]
SQL: SELECT COUNT(*) AS tp_count FROM `ts_video` WHERE ( status = 1 ) LIMIT 1   [ RunTime:0.0002s ]
INFO: [ app_end ] --START--
INFO: Run Behavior\ShowPageTraceBehavior [ RunTime:0.000686s ]
INFO: [ app_end ] --END-- [ RunTime:0.000763s ]

[ 2017-04-07T11:26:57+08:00 ] ::1 /index.php/Mobile/Index/newList.html
INFO: [ app_init ] --START--
INFO: Run Behavior\BuildLiteBehavior [ RunTime:0.000020s ]
INFO: [ app_init ] --END-- [ RunTime:0.000497s ]
INFO: [ app_begin ] --START--
INFO: Run Behavior\ReadHtmlCacheBehavior [ RunTime:0.000630s ]
INFO: [ app_begin ] --END-- [ RunTime:0.000708s ]
SQL: SHOW COLUMNS FROM `ts_video` [ RunTime:0.0015s ]
SQL: SHOW COLUMNS FROM `ts_video` [ RunTime:0.0016s ]
SQL: SELECT * FROM `ts_video` WHERE ( status = 1 ) ORDER BY id DESC LIMIT 0,10   [ RunTime:0.0005s ]
SQL: SELECT COUNT(*) AS tp_count FROM `ts_video` WHERE ( status = 1 ) LIMIT 1   [ RunTime:0.0003s ]
INFO: [ app_end ] --START--
INFO: Run Behavior\ShowPageTraceBehavior [ RunTime:0.001209s ]
INFO: [ app_end ] --END-- [ RunTime:0.001314s ]

[ 2017-04-07T11:28:00+08:00 ] ::1 /index.php/Mobile/Index
INFO: [ app_init ] --START--
INFO: Run Behavior\BuildLiteBehavior [ RunTime:0.000014s ]
INFO: [ app_init ] --END-- [ RunTime:0.000512s ]
INFO: [ app_begin ] --START--
INFO: Run Behavior\ReadHtmlCacheBehavior [ RunTime:0.000609s ]
INFO: [ app_begin ] --END-- [ RunTime:0.000671s ]
SQL: SHOW COLUMNS FROM `ts_video` [ RunTime:0.0014s ]
INFO: [ view_parse ] --START--
INFO: [ template_filter ] --START--
INFO: Run Behavior\ContentReplaceBehavior [ RunTime:0.000165s ]
INFO: [ template_filter ] --END-- [ RunTime:0.000217s ]
NOTIC: [8] Undefined variable: videolist /wwwroot/move_forum/Application/Runtime/Cache/Mobile/59803a09875c7569286531ef77035039.php 第 153 行.
NOTIC: [8] Undefined variable: videolist /wwwroot/move_forum/Application/Runtime/Cache/Mobile/59803a09875c7569286531ef77035039.php 第 157 行.
NOTIC: [8] Undefined variable: videolist /wwwroot/move_forum/Application/Runtime/Cache/Mobile/59803a09875c7569286531ef77035039.php 第 161 行.
NOTIC: [8] Undefined variable: about /wwwroot/move_forum/Application/Runtime/Cache/Mobile/59803a09875c7569286531ef77035039.php 第 165 行.
INFO: Run Behavior\ParseTemplateBehavior [ RunTime:0.013887s ]
INFO: [ view_parse ] --END-- [ RunTime:0.013988s ]
INFO: [ view_filter ] --START--
INFO: Run Behavior\WriteHtmlCacheBehavior [ RunTime:0.000488s ]
INFO: [ view_filter ] --END-- [ RunTime:0.000534s ]
INFO: [ app_end ] --START--
INFO: Run Behavior\ShowPageTraceBehavior [ RunTime:0.000766s ]
INFO: [ app_end ] --END-- [ RunTime:0.000818s ]

[ 2017-04-07T11:28:01+08:00 ] ::1 /index.php/Mobile/Index/newTopList.html
INFO: [ app_init ] --START--
INFO: Run Behavior\BuildLiteBehavior [ RunTime:0.000019s ]
INFO: [ app_init ] --END-- [ RunTime:0.000467s ]
INFO: [ app_begin ] --START--
INFO: Run Behavior\ReadHtmlCacheBehavior [ RunTime:0.000605s ]
INFO: [ app_begin ] --END-- [ RunTime:0.000678s ]
SQL: SHOW COLUMNS FROM `ts_video` [ RunTime:0.0028s ]
SQL: SHOW COLUMNS FROM `ts_video` [ RunTime:0.0017s ]
SQL: SELECT * FROM `ts_video` WHERE ( status = 1 ) ORDER BY hit DESC LIMIT 0,6   [ RunTime:0.0004s ]
SQL: SELECT COUNT(*) AS tp_count FROM `ts_video` WHERE ( status = 1 ) LIMIT 1   [ RunTime:0.0004s ]
INFO: [ app_end ] --START--
INFO: Run Behavior\ShowPageTraceBehavior [ RunTime:0.000844s ]
INFO: [ app_end ] --END-- [ RunTime:0.000938s ]

[ 2017-04-07T11:28:01+08:00 ] ::1 /index.php/Mobile/Index/newList.html
INFO: [ app_init ] --START--
INFO: Run Behavior\BuildLiteBehavior [ RunTime:0.000019s ]
INFO: [ app_init ] --END-- [ RunTime:0.000467s ]
INFO: [ app_begin ] --START--
INFO: Run Behavior\ReadHtmlCacheBehavior [ RunTime:0.000598s ]
INFO: [ app_begin ] --END-- [ RunTime:0.000661s ]
SQL: SHOW COLUMNS FROM `ts_video` [ RunTime:0.0014s ]
SQL: SHOW COLUMNS FROM `ts_video` [ RunTime:0.0019s ]
SQL: SELECT * FROM `ts_video` WHERE ( status = 1 ) ORDER BY id DESC LIMIT 0,10   [ RunTime:0.0005s ]
SQL: SELECT COUNT(*) AS tp_count FROM `ts_video` WHERE ( status = 1 ) LIMIT 1   [ RunTime:0.0013s ]
INFO: [ app_end ] --START--
INFO: Run Behavior\ShowPageTraceBehavior [ RunTime:0.000910s ]
INFO: [ app_end ] --END-- [ RunTime:0.001032s ]

[ 2017-04-07T11:28:01+08:00 ] ::1 /index.php/Mobile/Index
INFO: [ app_init ] --START--
INFO: Run Behavior\BuildLiteBehavior [ RunTime:0.000041s ]
INFO: [ app_init ] --END-- [ RunTime:0.000756s ]
INFO: [ app_begin ] --START--
INFO: Run Behavior\ReadHtmlCacheBehavior [ RunTime:0.000769s ]
INFO: [ app_begin ] --END-- [ RunTime:0.000860s ]
SQL: SHOW COLUMNS FROM `ts_video` [ RunTime:0.0020s ]
INFO: [ view_parse ] --START--
INFO: [ template_filter ] --START--
INFO: Run Behavior\ContentReplaceBehavior [ RunTime:0.000203s ]
INFO: [ template_filter ] --END-- [ RunTime:0.000291s ]
NOTIC: [8] Undefined variable: videolist /wwwroot/move_forum/Application/Runtime/Cache/Mobile/59803a09875c7569286531ef77035039.php 第 153 行.
NOTIC: [8] Undefined variable: videolist /wwwroot/move_forum/Application/Runtime/Cache/Mobile/59803a09875c7569286531ef77035039.php 第 157 行.
NOTIC: [8] Undefined variable: videolist /wwwroot/move_forum/Application/Runtime/Cache/Mobile/59803a09875c7569286531ef77035039.php 第 161 行.
NOTIC: [8] Undefined variable: about /wwwroot/move_forum/Application/Runtime/Cache/Mobile/59803a09875c7569286531ef77035039.php 第 165 行.
INFO: Run Behavior\ParseTemplateBehavior [ RunTime:0.025299s ]
INFO: [ view_parse ] --END-- [ RunTime:0.025376s ]
INFO: [ view_filter ] --START--
INFO: Run Behavior\WriteHtmlCacheBehavior [ RunTime:0.000288s ]
INFO: [ view_filter ] --END-- [ RunTime:0.000340s ]
INFO: [ app_end ] --START--
INFO: Run Behavior\ShowPageTraceBehavior [ RunTime:0.001144s ]
INFO: [ app_end ] --END-- [ RunTime:0.001239s ]

[ 2017-04-07T11:28:02+08:00 ] ::1 /index.php/Mobile/Index/newTopList.html
INFO: [ app_init ] --START--
INFO: Run Behavior\BuildLiteBehavior [ RunTime:0.000019s ]
INFO: [ app_init ] --END-- [ RunTime:0.000476s ]
INFO: [ app_begin ] --START--
INFO: Run Behavior\ReadHtmlCacheBehavior [ RunTime:0.000719s ]
INFO: [ app_begin ] --END-- [ RunTime:0.000791s ]
SQL: SHOW COLUMNS FROM `ts_video` [ RunTime:0.0024s ]
SQL: SHOW COLUMNS FROM `ts_video` [ RunTime:0.0016s ]
SQL: SELECT * FROM `ts_video` WHERE ( status = 1 ) ORDER BY hit DESC LIMIT 0,6   [ RunTime:0.0006s ]
SQL: SELECT COUNT(*) AS tp_count FROM `ts_video` WHERE ( status = 1 ) LIMIT 1   [ RunTime:0.0003s ]
INFO: [ app_end ] --START--
INFO: Run Behavior\ShowPageTraceBehavior [ RunTime:0.000798s ]
INFO: [ app_end ] --END-- [ RunTime:0.000948s ]

[ 2017-04-07T11:28:02+08:00 ] ::1 /index.php/Mobile/Index/newList.html
INFO: [ app_init ] --START--
INFO: Run Behavior\BuildLiteBehavior [ RunTime:0.000016s ]
INFO: [ app_init ] --END-- [ RunTime:0.000468s ]
INFO: [ app_begin ] --START--
INFO: Run Behavior\ReadHtmlCacheBehavior [ RunTime:0.000582s ]
INFO: [ app_begin ] --END-- [ RunTime:0.000656s ]
SQL: SHOW COLUMNS FROM `ts_video` [ RunTime:0.0023s ]
SQL: SHOW COLUMNS FROM `ts_video` [ RunTime:0.0017s ]
SQL: SELECT * FROM `ts_video` WHERE ( status = 1 ) ORDER BY id DESC LIMIT 0,10   [ RunTime:0.0005s ]
SQL: SELECT COUNT(*) AS tp_count FROM `ts_video` WHERE ( status = 1 ) LIMIT 1   [ RunTime:0.0013s ]
INFO: [ app_end ] --START--
INFO: Run Behavior\ShowPageTraceBehavior [ RunTime:0.000768s ]
INFO: [ app_end ] --END-- [ RunTime:0.000867s ]

[ 2017-04-07T11:28:03+08:00 ] ::1 /index.php/Mobile/Index
INFO: [ app_init ] --START--
INFO: Run Behavior\BuildLiteBehavior [ RunTime:0.000137s ]
INFO: [ app_init ] --END-- [ RunTime:0.000754s ]
INFO: [ app_begin ] --START--
INFO: Run Behavior\ReadHtmlCacheBehavior [ RunTime:0.000781s ]
INFO: [ app_begin ] --END-- [ RunTime:0.000922s ]
SQL: SHOW COLUMNS FROM `ts_video` [ RunTime:0.0137s ]
INFO: [ view_parse ] --START--
INFO: [ template_filter ] --START--
INFO: Run Behavior\ContentReplaceBehavior [ RunTime:0.000206s ]
INFO: [ template_filter ] --END-- [ RunTime:0.000299s ]
NOTIC: [8] Undefined variable: videolist /wwwroot/move_forum/Application/Runtime/Cache/Mobile/59803a09875c7569286531ef77035039.php 第 153 行.
NOTIC: [8] Undefined variable: videolist /wwwroot/move_forum/Application/Runtime/Cache/Mobile/59803a09875c7569286531ef77035039.php 第 157 行.
NOTIC: [8] Undefined variable: videolist /wwwroot/move_forum/Application/Runtime/Cache/Mobile/59803a09875c7569286531ef77035039.php 第 161 行.
NOTIC: [8] Undefined variable: about /wwwroot/move_forum/Application/Runtime/Cache/Mobile/59803a09875c7569286531ef77035039.php 第 165 行.
INFO: Run Behavior\ParseTemplateBehavior [ RunTime:0.031886s ]
INFO: [ view_parse ] --END-- [ RunTime:0.031957s ]
INFO: [ view_filter ] --START--
INFO: Run Behavior\WriteHtmlCacheBehavior [ RunTime:0.000247s ]
INFO: [ view_filter ] --END-- [ RunTime:0.000292s ]
INFO: [ app_end ] --START--
INFO: Run Behavior\ShowPageTraceBehavior [ RunTime:0.003266s ]
INFO: [ app_end ] --END-- [ RunTime:0.003341s ]

[ 2017-04-07T11:28:03+08:00 ] ::1 /index.php/Mobile/Index/newTopList.html
INFO: [ app_init ] --START--
INFO: Run Behavior\BuildLiteBehavior [ RunTime:0.000016s ]
INFO: [ app_init ] --END-- [ RunTime:0.000422s ]
INFO: [ app_begin ] --START--
INFO: Run Behavior\ReadHtmlCacheBehavior [ RunTime:0.000559s ]
INFO: [ app_begin ] --END-- [ RunTime:0.000626s ]
SQL: SHOW COLUMNS FROM `ts_video` [ RunTime:0.0026s ]
SQL: SHOW COLUMNS FROM `ts_video` [ RunTime:0.0015s ]
SQL: SELECT * FROM `ts_video` WHERE ( status = 1 ) ORDER BY hit DESC LIMIT 0,6   [ RunTime:0.0004s ]
SQL: SELECT COUNT(*) AS tp_count FROM `ts_video` WHERE ( status = 1 ) LIMIT 1   [ RunTime:0.0002s ]
INFO: [ app_end ] --START--
INFO: Run Behavior\ShowPageTraceBehavior [ RunTime:0.000985s ]
INFO: [ app_end ] --END-- [ RunTime:0.001112s ]

[ 2017-04-07T11:28:03+08:00 ] ::1 /index.php/Mobile/Index/newList.html
INFO: [ app_init ] --START--
INFO: Run Behavior\BuildLiteBehavior [ RunTime:0.000017s ]
INFO: [ app_init ] --END-- [ RunTime:0.000449s ]
INFO: [ app_begin ] --START--
INFO: Run Behavior\ReadHtmlCacheBehavior [ RunTime:0.000567s ]
INFO: [ app_begin ] --END-- [ RunTime:0.000634s ]
SQL: SHOW COLUMNS FROM `ts_video` [ RunTime:0.0017s ]
SQL: SHOW COLUMNS FROM `ts_video` [ RunTime:0.0018s ]
SQL: SELECT * FROM `ts_video` WHERE ( status = 1 ) ORDER BY id DESC LIMIT 0,10   [ RunTime:0.0005s ]
SQL: SELECT COUNT(*) AS tp_count FROM `ts_video` WHERE ( status = 1 ) LIMIT 1   [ RunTime:0.0003s ]
INFO: [ app_end ] --START--
INFO: Run Behavior\ShowPageTraceBehavior [ RunTime:0.000810s ]
INFO: [ app_end ] --END-- [ RunTime:0.000913s ]

[ 2017-04-07T11:28:04+08:00 ] ::1 /index.php/Mobile/Index
INFO: [ app_init ] --START--
INFO: Run Behavior\BuildLiteBehavior [ RunTime:0.000022s ]
INFO: [ app_init ] --END-- [ RunTime:0.000698s ]
INFO: [ app_begin ] --START--
INFO: Run Behavior\ReadHtmlCacheBehavior [ RunTime:0.000906s ]
INFO: [ app_begin ] --END-- [ RunTime:0.001005s ]
SQL: SHOW COLUMNS FROM `ts_video` [ RunTime:0.0025s ]
INFO: [ view_parse ] --START--
INFO: [ template_filter ] --START--
INFO: Run Behavior\ContentReplaceBehavior [ RunTime:0.000222s ]
INFO: [ template_filter ] --END-- [ RunTime:0.000326s ]
NOTIC: [8] Undefined variable: videolist /wwwroot/move_forum/Application/Runtime/Cache/Mobile/59803a09875c7569286531ef77035039.php 第 153 行.
NOTIC: [8] Undefined variable: videolist /wwwroot/move_forum/Application/Runtime/Cache/Mobile/59803a09875c7569286531ef77035039.php 第 157 行.
NOTIC: [8] Undefined variable: videolist /wwwroot/move_forum/Application/Runtime/Cache/Mobile/59803a09875c7569286531ef77035039.php 第 161 行.
NOTIC: [8] Undefined variable: about /wwwroot/move_forum/Application/Runtime/Cache/Mobile/59803a09875c7569286531ef77035039.php 第 165 行.
INFO: Run Behavior\ParseTemplateBehavior [ RunTime:0.019097s ]
INFO: [ view_parse ] --END-- [ RunTime:0.019173s ]
INFO: [ view_filter ] --START--
INFO: Run Behavior\WriteHtmlCacheBehavior [ RunTime:0.000458s ]
INFO: [ view_filter ] --END-- [ RunTime:0.000875s ]
INFO: [ app_end ] --START--
INFO: Run Behavior\ShowPageTraceBehavior [ RunTime:0.001717s ]
INFO: [ app_end ] --END-- [ RunTime:0.002350s ]

[ 2017-04-07T11:28:04+08:00 ] ::1 /index.php/Mobile/Index/newList.html
INFO: [ app_init ] --START--
INFO: Run Behavior\BuildLiteBehavior [ RunTime:0.000017s ]
INFO: [ app_init ] --END-- [ RunTime:0.000437s ]
INFO: [ app_begin ] --START--
INFO: Run Behavior\ReadHtmlCacheBehavior [ RunTime:0.000574s ]
INFO: [ app_begin ] --END-- [ RunTime:0.000640s ]
SQL: SHOW COLUMNS FROM `ts_video` [ RunTime:0.0026s ]
SQL: SHOW COLUMNS FROM `ts_video` [ RunTime:0.0016s ]
SQL: SELECT * FROM `ts_video` WHERE ( status = 1 ) ORDER BY id DESC LIMIT 0,10   [ RunTime:0.0007s ]
SQL: SELECT COUNT(*) AS tp_count FROM `ts_video` WHERE ( status = 1 ) LIMIT 1   [ RunTime:0.0003s ]
INFO: [ app_end ] --START--
INFO: Run Behavior\ShowPageTraceBehavior [ RunTime:0.000789s ]
INFO: [ app_end ] --END-- [ RunTime:0.000892s ]

[ 2017-04-07T11:28:04+08:00 ] ::1 /index.php/Mobile/Index/newTopList.html
INFO: [ app_init ] --START--
INFO: Run Behavior\BuildLiteBehavior [ RunTime:0.000017s ]
INFO: [ app_init ] --END-- [ RunTime:0.000442s ]
INFO: [ app_begin ] --START--
INFO: Run Behavior\ReadHtmlCacheBehavior [ RunTime:0.000819s ]
INFO: [ app_begin ] --END-- [ RunTime:0.000879s ]
SQL: SHOW COLUMNS FROM `ts_video` [ RunTime:0.0016s ]
SQL: SHOW COLUMNS FROM `ts_video` [ RunTime:0.0016s ]
SQL: SELECT * FROM `ts_video` WHERE ( status = 1 ) ORDER BY hit DESC LIMIT 0,6   [ RunTime:0.0005s ]
SQL: SELECT COUNT(*) AS tp_count FROM `ts_video` WHERE ( status = 1 ) LIMIT 1   [ RunTime:0.0004s ]
INFO: [ app_end ] --START--
INFO: Run Behavior\ShowPageTraceBehavior [ RunTime:0.000750s ]
INFO: [ app_end ] --END-- [ RunTime:0.000839s ]

[ 2017-04-07T11:29:21+08:00 ] ::1 /index.php/Mobile/Index
INFO: [ app_init ] --START--
INFO: Run Behavior\BuildLiteBehavior [ RunTime:0.000014s ]
INFO: [ app_init ] --END-- [ RunTime:0.000544s ]
INFO: [ app_begin ] --START--
INFO: Run Behavior\ReadHtmlCacheBehavior [ RunTime:0.000610s ]
INFO: [ app_begin ] --END-- [ RunTime:0.000660s ]
SQL: SHOW COLUMNS FROM `ts_video` [ RunTime:0.0011s ]
INFO: [ view_parse ] --START--
INFO: [ template_filter ] --START--
INFO: Run Behavior\ContentReplaceBehavior [ RunTime:0.000141s ]
INFO: [ template_filter ] --END-- [ RunTime:0.000193s ]
NOTIC: [8] Undefined variable: videolist /wwwroot/move_forum/Application/Runtime/Cache/Mobile/59803a09875c7569286531ef77035039.php 第 153 行.
NOTIC: [8] Undefined variable: videolist /wwwroot/move_forum/Application/Runtime/Cache/Mobile/59803a09875c7569286531ef77035039.php 第 157 行.
NOTIC: [8] Undefined variable: videolist /wwwroot/move_forum/Application/Runtime/Cache/Mobile/59803a09875c7569286531ef77035039.php 第 161 行.
NOTIC: [8] Undefined variable: about /wwwroot/move_forum/Application/Runtime/Cache/Mobile/59803a09875c7569286531ef77035039.php 第 165 行.
INFO: Run Behavior\ParseTemplateBehavior [ RunTime:0.010193s ]
INFO: [ view_parse ] --END-- [ RunTime:0.010227s ]
INFO: [ view_filter ] --START--
INFO: Run Behavior\WriteHtmlCacheBehavior [ RunTime:0.000389s ]
INFO: [ view_filter ] --END-- [ RunTime:0.000430s ]
INFO: [ app_end ] --START--
INFO: Run Behavior\ShowPageTraceBehavior [ RunTime:0.000826s ]
INFO: [ app_end ] --END-- [ RunTime:0.000893s ]

[ 2017-04-07T11:29:22+08:00 ] ::1 /index.php/Mobile/Index/newTopList.html
INFO: [ app_init ] --START--
INFO: Run Behavior\BuildLiteBehavior [ RunTime:0.000039s ]
INFO: [ app_init ] --END-- [ RunTime:0.000627s ]
INFO: [ app_begin ] --START--
INFO: Run Behavior\ReadHtmlCacheBehavior [ RunTime:0.000624s ]
INFO: [ app_begin ] --END-- [ RunTime:0.000778s ]
SQL: SHOW COLUMNS FROM `ts_video` [ RunTime:0.0034s ]
SQL: SHOW COLUMNS FROM `ts_video` [ RunTime:0.0019s ]
SQL: SELECT * FROM `ts_video` WHERE ( status = 1 ) ORDER BY hit DESC LIMIT 0,6   [ RunTime:0.0005s ]
SQL: SELECT COUNT(*) AS tp_count FROM `ts_video` WHERE ( status = 1 ) LIMIT 1   [ RunTime:0.0003s ]
INFO: [ app_end ] --START--
INFO: Run Behavior\ShowPageTraceBehavior [ RunTime:0.000716s ]
INFO: [ app_end ] --END-- [ RunTime:0.000803s ]

[ 2017-04-07T11:29:22+08:00 ] ::1 /index.php/Mobile/Index/newList.html
INFO: [ app_init ] --START--
INFO: Run Behavior\BuildLiteBehavior [ RunTime:0.000021s ]
INFO: [ app_init ] --END-- [ RunTime:0.000464s ]
INFO: [ app_begin ] --START--
INFO: Run Behavior\ReadHtmlCacheBehavior [ RunTime:0.000696s ]
INFO: [ app_begin ] --END-- [ RunTime:0.000780s ]
SQL: SHOW COLUMNS FROM `ts_video` [ RunTime:0.0025s ]
SQL: SHOW COLUMNS FROM `ts_video` [ RunTime:0.0058s ]
SQL: SELECT * FROM `ts_video` WHERE ( status = 1 ) ORDER BY id DESC LIMIT 0,10   [ RunTime:0.0017s ]
SQL: SELECT COUNT(*) AS tp_count FROM `ts_video` WHERE ( status = 1 ) LIMIT 1   [ RunTime:0.0010s ]
INFO: [ app_end ] --START--
INFO: Run Behavior\ShowPageTraceBehavior [ RunTime:0.001239s ]
INFO: [ app_end ] --END-- [ RunTime:0.001365s ]

[ 2017-04-07T11:30:24+08:00 ] ::1 /index.php/Mobile/Index
INFO: [ app_init ] --START--
INFO: Run Behavior\BuildLiteBehavior [ RunTime:0.000012s ]
INFO: [ app_init ] --END-- [ RunTime:0.000312s ]
INFO: [ app_begin ] --START--
INFO: Run Behavior\ReadHtmlCacheBehavior [ RunTime:0.000670s ]
INFO: [ app_begin ] --END-- [ RunTime:0.000738s ]
SQL: SHOW COLUMNS FROM `ts_video` [ RunTime:0.0022s ]
INFO: [ view_parse ] --START--
INFO: [ template_filter ] --START--
INFO: Run Behavior\ContentReplaceBehavior [ RunTime:0.000141s ]
INFO: [ template_filter ] --END-- [ RunTime:0.000193s ]
NOTIC: [8] Undefined variable: videolist /wwwroot/move_forum/Application/Runtime/Cache/Mobile/59803a09875c7569286531ef77035039.php 第 153 行.
NOTIC: [8] Undefined variable: videolist /wwwroot/move_forum/Application/Runtime/Cache/Mobile/59803a09875c7569286531ef77035039.php 第 157 行.
NOTIC: [8] Undefined variable: videolist /wwwroot/move_forum/Application/Runtime/Cache/Mobile/59803a09875c7569286531ef77035039.php 第 161 行.
NOTIC: [8] Undefined variable: about /wwwroot/move_forum/Application/Runtime/Cache/Mobile/59803a09875c7569286531ef77035039.php 第 165 行.
INFO: Run Behavior\ParseTemplateBehavior [ RunTime:0.009626s ]
INFO: [ view_parse ] --END-- [ RunTime:0.009669s ]
INFO: [ view_filter ] --START--
INFO: Run Behavior\WriteHtmlCacheBehavior [ RunTime:0.000219s ]
INFO: [ view_filter ] --END-- [ RunTime:0.000253s ]
INFO: [ app_end ] --START--
INFO: Run Behavior\ShowPageTraceBehavior [ RunTime:0.000614s ]
INFO: [ app_end ] --END-- [ RunTime:0.000682s ]

[ 2017-04-07T11:30:25+08:00 ] ::1 /index.php/Mobile/Index/newTopList.html
INFO: [ app_init ] --START--
INFO: Run Behavior\BuildLiteBehavior [ RunTime:0.000018s ]
INFO: [ app_init ] --END-- [ RunTime:0.000427s ]
INFO: [ app_begin ] --START--
INFO: Run Behavior\ReadHtmlCacheBehavior [ RunTime:0.000601s ]
INFO: [ app_begin ] --END-- [ RunTime:0.000679s ]
SQL: SHOW COLUMNS FROM `ts_video` [ RunTime:0.0026s ]
SQL: SHOW COLUMNS FROM `ts_video` [ RunTime:0.0015s ]
SQL: SELECT * FROM `ts_video` WHERE ( status = 1 ) ORDER BY hit DESC LIMIT 0,6   [ RunTime:0.0004s ]
SQL: SELECT COUNT(*) AS tp_count FROM `ts_video` WHERE ( status = 1 ) LIMIT 1   [ RunTime:0.0003s ]
INFO: [ app_end ] --START--
INFO: Run Behavior\ShowPageTraceBehavior [ RunTime:0.000721s ]
INFO: [ app_end ] --END-- [ RunTime:0.000801s ]

[ 2017-04-07T11:30:25+08:00 ] ::1 /index.php/Mobile/Index/newList.html
INFO: [ app_init ] --START--
INFO: Run Behavior\BuildLiteBehavior [ RunTime:0.000021s ]
INFO: [ app_init ] --END-- [ RunTime:0.000478s ]
INFO: [ app_begin ] --START--
INFO: Run Behavior\ReadHtmlCacheBehavior [ RunTime:0.000612s ]
INFO: [ app_begin ] --END-- [ RunTime:0.000695s ]
SQL: SHOW COLUMNS FROM `ts_video` [ RunTime:0.0022s ]
SQL: SHOW COLUMNS FROM `ts_video` [ RunTime:0.0033s ]
SQL: SELECT * FROM `ts_video` WHERE ( status = 1 ) ORDER BY id DESC LIMIT 0,10   [ RunTime:0.0005s ]
SQL: SELECT COUNT(*) AS tp_count FROM `ts_video` WHERE ( status = 1 ) LIMIT 1   [ RunTime:0.0003s ]
INFO: [ app_end ] --START--
INFO: Run Behavior\ShowPageTraceBehavior [ RunTime:0.001126s ]
INFO: [ app_end ] --END-- [ RunTime:0.001221s ]

[ 2017-04-07T11:30:26+08:00 ] ::1 /index.php/Mobile/Index
INFO: [ app_init ] --START--
INFO: Run Behavior\BuildLiteBehavior [ RunTime:0.000013s ]
INFO: [ app_init ] --END-- [ RunTime:0.000303s ]
INFO: [ app_begin ] --START--
INFO: Run Behavior\ReadHtmlCacheBehavior [ RunTime:0.000360s ]
INFO: [ app_begin ] --END-- [ RunTime:0.000395s ]
SQL: SHOW COLUMNS FROM `ts_video` [ RunTime:0.0021s ]
INFO: [ view_parse ] --START--
INFO: [ template_filter ] --START--
INFO: Run Behavior\ContentReplaceBehavior [ RunTime:0.000195s ]
INFO: [ template_filter ] --END-- [ RunTime:0.000297s ]
NOTIC: [8] Undefined variable: videolist /wwwroot/move_forum/Application/Runtime/Cache/Mobile/59803a09875c7569286531ef77035039.php 第 153 行.
NOTIC: [8] Undefined variable: videolist /wwwroot/move_forum/Application/Runtime/Cache/Mobile/59803a09875c7569286531ef77035039.php 第 157 行.
NOTIC: [8] Undefined variable: videolist /wwwroot/move_forum/Application/Runtime/Cache/Mobile/59803a09875c7569286531ef77035039.php 第 161 行.
NOTIC: [8] Undefined variable: about /wwwroot/move_forum/Application/Runtime/Cache/Mobile/59803a09875c7569286531ef77035039.php 第 165 行.
INFO: Run Behavior\ParseTemplateBehavior [ RunTime:0.009889s ]
INFO: [ view_parse ] --END-- [ RunTime:0.009982s ]
INFO: [ view_filter ] --START--
INFO: Run Behavior\WriteHtmlCacheBehavior [ RunTime:0.000218s ]
INFO: [ view_filter ] --END-- [ RunTime:0.000256s ]
INFO: [ app_end ] --START--
INFO: Run Behavior\ShowPageTraceBehavior [ RunTime:0.000794s ]
INFO: [ app_end ] --END-- [ RunTime:0.000890s ]

[ 2017-04-07T11:30:27+08:00 ] ::1 /index.php/Mobile/Index/newTopList.html
INFO: [ app_init ] --START--
INFO: Run Behavior\BuildLiteBehavior [ RunTime:0.000035s ]
INFO: [ app_init ] --END-- [ RunTime:0.000560s ]
INFO: [ app_begin ] --START--
INFO: Run Behavior\ReadHtmlCacheBehavior [ RunTime:0.000839s ]
INFO: [ app_begin ] --END-- [ RunTime:0.001158s ]
SQL: SHOW COLUMNS FROM `ts_video` [ RunTime:0.0041s ]
SQL: SHOW COLUMNS FROM `ts_video` [ RunTime:0.0022s ]
SQL: SELECT * FROM `ts_video` WHERE ( status = 1 ) ORDER BY hit DESC LIMIT 0,6   [ RunTime:0.0006s ]
SQL: SELECT COUNT(*) AS tp_count FROM `ts_video` WHERE ( status = 1 ) LIMIT 1   [ RunTime:0.0004s ]
INFO: [ app_end ] --START--
INFO: Run Behavior\ShowPageTraceBehavior [ RunTime:0.000746s ]
INFO: [ app_end ] --END-- [ RunTime:0.000844s ]

[ 2017-04-07T11:30:27+08:00 ] ::1 /index.php/Mobile/Index/newList.html
INFO: [ app_init ] --START--
INFO: Run Behavior\BuildLiteBehavior [ RunTime:0.000020s ]
INFO: [ app_init ] --END-- [ RunTime:0.000628s ]
INFO: [ app_begin ] --START--
INFO: Run Behavior\ReadHtmlCacheBehavior [ RunTime:0.000837s ]
INFO: [ app_begin ] --END-- [ RunTime:0.000955s ]
SQL: SHOW COLUMNS FROM `ts_video` [ RunTime:0.0015s ]
SQL: SHOW COLUMNS FROM `ts_video` [ RunTime:0.0018s ]
SQL: SELECT * FROM `ts_video` WHERE ( status = 1 ) ORDER BY id DESC LIMIT 0,10   [ RunTime:0.0006s ]
SQL: SELECT COUNT(*) AS tp_count FROM `ts_video` WHERE ( status = 1 ) LIMIT 1   [ RunTime:0.0007s ]
INFO: [ app_end ] --START--
INFO: Run Behavior\ShowPageTraceBehavior [ RunTime:0.001675s ]
INFO: [ app_end ] --END-- [ RunTime:0.001823s ]

