[ 2017-03-30T10:16:34+08:00 ] ::1 /
INFO: [ app_init ] --START--
INFO: Run Behavior\BuildLiteBehavior [ RunTime:0.000024s ]
INFO: [ app_init ] --END-- [ RunTime:0.000970s ]
INFO: [ app_begin ] --START--
INFO: Run Behavior\ReadHtmlCacheBehavior [ RunTime:0.000616s ]
INFO: [ app_begin ] --END-- [ RunTime:0.000661s ]
SQL: SHOW COLUMNS FROM `ts_video` [ RunTime:0.0020s ]
INFO: [ view_parse ] --START--
INFO: [ template_filter ] --START--
INFO: Run Behavior\ContentReplaceBehavior [ RunTime:0.000445s ]
INFO: [ template_filter ] --END-- [ RunTime:0.000508s ]
INFO: Run Behavior\ParseTemplateBehavior [ RunTime:0.012583s ]
INFO: [ view_parse ] --END-- [ RunTime:0.012630s ]
INFO: [ view_filter ] --START--
INFO: Run Behavior\WriteHtmlCacheBehavior [ RunTime:0.000332s ]
INFO: [ view_filter ] --END-- [ RunTime:0.000369s ]
INFO: [ app_end ] --START--
INFO: Run Behavior\ShowPageTraceBehavior [ RunTime:0.000796s ]
INFO: [ app_end ] --END-- [ RunTime:0.000898s ]

[ 2017-03-30T10:16:39+08:00 ] ::1 /index.php/Index/getTop.html
INFO: [ app_init ] --START--
INFO: Run Behavior\BuildLiteBehavior [ RunTime:0.000019s ]
INFO: [ app_init ] --END-- [ RunTime:0.000359s ]
INFO: [ app_begin ] --START--
INFO: Run Behavior\ReadHtmlCacheBehavior [ RunTime:0.000579s ]
INFO: [ app_begin ] --END-- [ RunTime:0.000658s ]
SQL: SHOW COLUMNS FROM `ts_video` [ RunTime:0.0025s ]
NOTIC: [8] Use of undefined constant is_AJAX - assumed 'is_AJAX' /wwwroot/move_forum/Application/Home/Controller/IndexController.class.php 第 38 行.
SQL: SHOW COLUMNS FROM `ts_video` [ RunTime:0.0014s ]
SQL: SELECT * FROM `ts_video` WHERE ( status = 1 ) ORDER BY hit DESC LIMIT 0,6   [ RunTime:0.0015s ]
SQL: SELECT COUNT(*) AS tp_count FROM `ts_video` WHERE ( status = 1 ) LIMIT 1   [ RunTime:0.0007s ]
INFO: [ app_end ] --START--
INFO: Run Behavior\ShowPageTraceBehavior [ RunTime:0.000496s ]
INFO: [ app_end ] --END-- [ RunTime:0.000559s ]

[ 2017-03-30T10:16:39+08:00 ] ::1 /index.php/Index/getNewList.html
INFO: [ app_init ] --START--
INFO: Run Behavior\BuildLiteBehavior [ RunTime:0.000033s ]
INFO: [ app_init ] --END-- [ RunTime:0.000632s ]
INFO: [ app_begin ] --START--
INFO: Run Behavior\ReadHtmlCacheBehavior [ RunTime:0.000664s ]
INFO: [ app_begin ] --END-- [ RunTime:0.000753s ]
SQL: SHOW COLUMNS FROM `ts_video` [ RunTime:0.0032s ]
NOTIC: [8] Use of undefined constant is_AJAX - assumed 'is_AJAX' /wwwroot/move_forum/Application/Home/Controller/IndexController.class.php 第 51 行.
SQL: SHOW COLUMNS FROM `ts_video` [ RunTime:0.0018s ]
SQL: SELECT * FROM `ts_video` WHERE ( status = 1 ) ORDER BY id DESC LIMIT 0,24   [ RunTime:0.0004s ]
SQL: SELECT COUNT(*) AS tp_count FROM `ts_video` WHERE ( status = 1 ) LIMIT 1   [ RunTime:0.0003s ]
INFO: [ app_end ] --START--
INFO: Run Behavior\ShowPageTraceBehavior [ RunTime:0.000730s ]
INFO: [ app_end ] --END-- [ RunTime:0.000828s ]

