[ 2017-03-26T18:11:37+08:00 ] ::1 /
INFO: [ app_init ] --START--
INFO: Run Behavior\BuildLiteBehavior [ RunTime:0.000257s ]
INFO: [ app_init ] --END-- [ RunTime:0.002119s ]
INFO: [ app_begin ] --START--
INFO: Run Behavior\ReadHtmlCacheBehavior [ RunTime:0.000634s ]
INFO: [ app_begin ] --END-- [ RunTime:0.000682s ]
INFO: [ view_parse ] --START--
INFO: [ template_filter ] --START--
INFO: Run Behavior\ContentReplaceBehavior [ RunTime:0.000543s ]
INFO: [ template_filter ] --END-- [ RunTime:0.000629s ]
INFO: Run Behavior\ParseTemplateBehavior [ RunTime:0.019666s ]
INFO: [ view_parse ] --END-- [ RunTime:0.019746s ]
INFO: [ view_filter ] --START--
INFO: Run Behavior\WriteHtmlCacheBehavior [ RunTime:0.000497s ]
INFO: [ view_filter ] --END-- [ RunTime:0.000535s ]
INFO: [ app_end ] --START--
INFO: Run Behavior\ShowPageTraceBehavior [ RunTime:0.000851s ]
INFO: [ app_end ] --END-- [ RunTime:0.000939s ]

[ 2017-03-26T18:12:00+08:00 ] ::1 /
INFO: [ app_init ] --START--
INFO: Run Behavior\BuildLiteBehavior [ RunTime:0.000038s ]
INFO: [ app_init ] --END-- [ RunTime:0.002255s ]
INFO: [ app_begin ] --START--
INFO: Run Behavior\ReadHtmlCacheBehavior [ RunTime:0.000907s ]
INFO: [ app_begin ] --END-- [ RunTime:0.000992s ]
INFO: [ view_parse ] --START--
INFO: [ template_filter ] --START--
INFO: Run Behavior\ContentReplaceBehavior [ RunTime:0.000186s ]
INFO: [ template_filter ] --END-- [ RunTime:0.000322s ]
INFO: Run Behavior\ParseTemplateBehavior [ RunTime:0.022492s ]
INFO: [ view_parse ] --END-- [ RunTime:0.022585s ]
INFO: [ view_filter ] --START--
INFO: Run Behavior\WriteHtmlCacheBehavior [ RunTime:0.000583s ]
INFO: [ view_filter ] --END-- [ RunTime:0.000657s ]
INFO: [ app_end ] --START--
INFO: Run Behavior\ShowPageTraceBehavior [ RunTime:0.002090s ]
INFO: [ app_end ] --END-- [ RunTime:0.002217s ]

[ 2017-03-26T18:12:29+08:00 ] ::1 /
INFO: [ app_init ] --START--
INFO: Run Behavior\BuildLiteBehavior [ RunTime:0.000053s ]
INFO: [ app_init ] --END-- [ RunTime:0.001622s ]
INFO: [ app_begin ] --START--
INFO: Run Behavior\ReadHtmlCacheBehavior [ RunTime:0.001379s ]
INFO: [ app_begin ] --END-- [ RunTime:0.001528s ]
INFO: [ view_parse ] --START--
INFO: [ template_filter ] --START--
INFO: Run Behavior\ContentReplaceBehavior [ RunTime:0.000151s ]
INFO: [ template_filter ] --END-- [ RunTime:0.000229s ]
INFO: Run Behavior\ParseTemplateBehavior [ RunTime:0.017321s ]
INFO: [ view_parse ] --END-- [ RunTime:0.017466s ]
INFO: [ view_filter ] --START--
INFO: Run Behavior\WriteHtmlCacheBehavior [ RunTime:0.001806s ]
INFO: [ view_filter ] --END-- [ RunTime:0.001886s ]
INFO: [ app_end ] --START--
INFO: Run Behavior\ShowPageTraceBehavior [ RunTime:0.001951s ]
INFO: [ app_end ] --END-- [ RunTime:0.002152s ]

[ 2017-03-26T18:12:30+08:00 ] ::1 /index.php/Index/getTop.html
INFO: [ app_init ] --START--
INFO: Run Behavior\BuildLiteBehavior [ RunTime:0.000019s ]
INFO: [ app_init ] --END-- [ RunTime:0.000461s ]
INFO: [ app_begin ] --START--
INFO: Run Behavior\ReadHtmlCacheBehavior [ RunTime:0.000612s ]
INFO: [ app_begin ] --END-- [ RunTime:0.000692s ]
NOTIC: [8] Use of undefined constant is_AJAX - assumed 'is_AJAX' /wwwroot/move_forum/Application/Home/Controller/IndexController.class.php 第 38 行.
ERR: SQLSTATE[HY000] [1045] Access denied for user 'root'@'localhost' (using password: YES)

[ 2017-03-26T18:12:30+08:00 ] ::1 /index.php/Index/getNewList.html
INFO: [ app_init ] --START--
INFO: Run Behavior\BuildLiteBehavior [ RunTime:0.000033s ]
INFO: [ app_init ] --END-- [ RunTime:0.000606s ]
INFO: [ app_begin ] --START--
INFO: Run Behavior\ReadHtmlCacheBehavior [ RunTime:0.000797s ]
INFO: [ app_begin ] --END-- [ RunTime:0.000966s ]
NOTIC: [8] Use of undefined constant is_AJAX - assumed 'is_AJAX' /wwwroot/move_forum/Application/Home/Controller/IndexController.class.php 第 49 行.
ERR: SQLSTATE[HY000] [1045] Access denied for user 'root'@'localhost' (using password: YES)

[ 2017-03-26T18:12:52+08:00 ] ::1 /
INFO: [ app_init ] --START--
INFO: Run Behavior\BuildLiteBehavior [ RunTime:0.000034s ]
INFO: [ app_init ] --END-- [ RunTime:0.000666s ]
INFO: [ app_begin ] --START--
INFO: Run Behavior\ReadHtmlCacheBehavior [ RunTime:0.000862s ]
INFO: [ app_begin ] --END-- [ RunTime:0.000958s ]
INFO: [ view_parse ] --START--
INFO: [ template_filter ] --START--
INFO: Run Behavior\ContentReplaceBehavior [ RunTime:0.000151s ]
INFO: [ template_filter ] --END-- [ RunTime:0.000231s ]
INFO: Run Behavior\ParseTemplateBehavior [ RunTime:0.014660s ]
INFO: [ view_parse ] --END-- [ RunTime:0.014748s ]
INFO: [ view_filter ] --START--
INFO: Run Behavior\WriteHtmlCacheBehavior [ RunTime:0.000220s ]
INFO: [ view_filter ] --END-- [ RunTime:0.000261s ]
INFO: [ app_end ] --START--
INFO: Run Behavior\ShowPageTraceBehavior [ RunTime:0.000744s ]
INFO: [ app_end ] --END-- [ RunTime:0.000835s ]

[ 2017-03-26T18:12:53+08:00 ] ::1 /index.php/Index/getTop.html
INFO: [ app_init ] --START--
INFO: Run Behavior\BuildLiteBehavior [ RunTime:0.000018s ]
INFO: [ app_init ] --END-- [ RunTime:0.000430s ]
INFO: [ app_begin ] --START--
INFO: Run Behavior\ReadHtmlCacheBehavior [ RunTime:0.000625s ]
INFO: [ app_begin ] --END-- [ RunTime:0.000702s ]
NOTIC: [8] Use of undefined constant is_AJAX - assumed 'is_AJAX' /wwwroot/move_forum/Application/Home/Controller/IndexController.class.php 第 38 行.
SQL: SHOW COLUMNS FROM `ts_video` [ RunTime:0.0111s ]
ERR: Think\Model:getList方法不存在！

[ 2017-03-26T18:12:53+08:00 ] ::1 /index.php/Index/getNewList.html
INFO: [ app_init ] --START--
INFO: Run Behavior\BuildLiteBehavior [ RunTime:0.000035s ]
INFO: [ app_init ] --END-- [ RunTime:0.000692s ]
INFO: [ app_begin ] --START--
INFO: Run Behavior\ReadHtmlCacheBehavior [ RunTime:0.000850s ]
INFO: [ app_begin ] --END-- [ RunTime:0.000984s ]
NOTIC: [8] Use of undefined constant is_AJAX - assumed 'is_AJAX' /wwwroot/move_forum/Application/Home/Controller/IndexController.class.php 第 49 行.
SQL: SHOW COLUMNS FROM `ts_video` [ RunTime:0.0015s ]
ERR: Think\Model:getList方法不存在！

[ 2017-03-26T18:14:24+08:00 ] ::1 /
INFO: [ app_init ] --START--
INFO: Run Behavior\BuildLiteBehavior [ RunTime:0.000061s ]
INFO: [ app_init ] --END-- [ RunTime:0.001653s ]
INFO: [ app_begin ] --START--
INFO: Run Behavior\ReadHtmlCacheBehavior [ RunTime:0.000742s ]
INFO: [ app_begin ] --END-- [ RunTime:0.000807s ]
SQL: SHOW COLUMNS FROM `ts_video` [ RunTime:0.0024s ]
INFO: [ view_parse ] --START--
INFO: [ template_filter ] --START--
INFO: Run Behavior\ContentReplaceBehavior [ RunTime:0.000237s ]
INFO: [ template_filter ] --END-- [ RunTime:0.000401s ]
INFO: Run Behavior\ParseTemplateBehavior [ RunTime:0.019007s ]
INFO: [ view_parse ] --END-- [ RunTime:0.019324s ]
INFO: [ view_filter ] --START--
INFO: Run Behavior\WriteHtmlCacheBehavior [ RunTime:0.000694s ]
INFO: [ view_filter ] --END-- [ RunTime:0.000782s ]
INFO: [ app_end ] --START--
INFO: Run Behavior\ShowPageTraceBehavior [ RunTime:0.002217s ]
INFO: [ app_end ] --END-- [ RunTime:0.002324s ]

[ 2017-03-26T18:14:26+08:00 ] ::1 /index.php/Index/getTop.html
INFO: [ app_init ] --START--
INFO: Run Behavior\BuildLiteBehavior [ RunTime:0.000017s ]
INFO: [ app_init ] --END-- [ RunTime:0.000442s ]
INFO: [ app_begin ] --START--
INFO: Run Behavior\ReadHtmlCacheBehavior [ RunTime:0.000603s ]
INFO: [ app_begin ] --END-- [ RunTime:0.000681s ]
SQL: SHOW COLUMNS FROM `ts_video` [ RunTime:0.0023s ]
NOTIC: [8] Use of undefined constant is_AJAX - assumed 'is_AJAX' /wwwroot/move_forum/Application/Home/Controller/IndexController.class.php 第 38 行.
SQL: SHOW COLUMNS FROM `ts_video` [ RunTime:0.0019s ]
SQL: SELECT * FROM `ts_video`  [ RunTime:0.0034s ]
SQL: SELECT COUNT(*) AS tp_count FROM `ts_video` LIMIT 1   [ RunTime:0.0039s ]
INFO: [ app_end ] --START--
INFO: Run Behavior\ShowPageTraceBehavior [ RunTime:0.000850s ]
INFO: [ app_end ] --END-- [ RunTime:0.001021s ]

[ 2017-03-26T18:14:26+08:00 ] ::1 /index.php/Index/getNewList.html
INFO: [ app_init ] --START--
INFO: Run Behavior\BuildLiteBehavior [ RunTime:0.000022s ]
INFO: [ app_init ] --END-- [ RunTime:0.000506s ]
INFO: [ app_begin ] --START--
INFO: Run Behavior\ReadHtmlCacheBehavior [ RunTime:0.001351s ]
INFO: [ app_begin ] --END-- [ RunTime:0.001523s ]
SQL: SHOW COLUMNS FROM `ts_video` [ RunTime:0.0028s ]
NOTIC: [8] Use of undefined constant is_AJAX - assumed 'is_AJAX' /wwwroot/move_forum/Application/Home/Controller/IndexController.class.php 第 49 行.
SQL: SHOW COLUMNS FROM `ts_video` [ RunTime:0.0021s ]
SQL: SELECT * FROM `ts_video`  [ RunTime:0.0039s ]
SQL: SELECT COUNT(*) AS tp_count FROM `ts_video` LIMIT 1   [ RunTime:0.0002s ]
INFO: [ app_end ] --START--
INFO: Run Behavior\ShowPageTraceBehavior [ RunTime:0.000733s ]
INFO: [ app_end ] --END-- [ RunTime:0.000831s ]

[ 2017-03-26T18:14:46+08:00 ] ::1 /index.php/Index/video.html?id=14
INFO: [ app_init ] --START--
INFO: Run Behavior\BuildLiteBehavior [ RunTime:0.000024s ]
INFO: [ app_init ] --END-- [ RunTime:0.000588s ]
INFO: [ app_begin ] --START--
INFO: Run Behavior\ReadHtmlCacheBehavior [ RunTime:0.000636s ]
INFO: [ app_begin ] --END-- [ RunTime:0.000718s ]
SQL: SHOW COLUMNS FROM `ts_video` [ RunTime:0.0037s ]
INFO: [ view_parse ] --START--
INFO: [ template_filter ] --START--
INFO: Run Behavior\ContentReplaceBehavior [ RunTime:0.000326s ]
INFO: [ template_filter ] --END-- [ RunTime:0.000426s ]
INFO: Run Behavior\ParseTemplateBehavior [ RunTime:0.011370s ]
INFO: [ view_parse ] --END-- [ RunTime:0.011456s ]
INFO: [ view_filter ] --START--
INFO: Run Behavior\WriteHtmlCacheBehavior [ RunTime:0.000497s ]
INFO: [ view_filter ] --END-- [ RunTime:0.001068s ]
INFO: [ app_end ] --START--
INFO: Run Behavior\ShowPageTraceBehavior [ RunTime:0.001105s ]
INFO: [ app_end ] --END-- [ RunTime:0.001193s ]

[ 2017-03-26T18:14:48+08:00 ] ::1 /index.php/Index/getone.html
INFO: [ app_init ] --START--
INFO: Run Behavior\BuildLiteBehavior [ RunTime:0.000018s ]
INFO: [ app_init ] --END-- [ RunTime:0.000456s ]
INFO: [ app_begin ] --START--
INFO: Run Behavior\ReadHtmlCacheBehavior [ RunTime:0.000611s ]
INFO: [ app_begin ] --END-- [ RunTime:0.000687s ]
SQL: SHOW COLUMNS FROM `ts_video` [ RunTime:0.0042s ]
NOTIC: [8] Use of undefined constant is_AJAX - assumed 'is_AJAX' /wwwroot/move_forum/Application/Home/Controller/IndexController.class.php 第 77 行.
ERR: Think\Model:getVideoOne方法不存在！

[ 2017-03-26T18:15:10+08:00 ] ::1 /index.php/Index/getNewList.html
INFO: [ app_init ] --START--
INFO: Run Behavior\BuildLiteBehavior [ RunTime:0.000033s ]
INFO: [ app_init ] --END-- [ RunTime:0.000852s ]
INFO: [ app_begin ] --START--
INFO: Run Behavior\ReadHtmlCacheBehavior [ RunTime:0.001230s ]
INFO: [ app_begin ] --END-- [ RunTime:0.001321s ]
SQL: SHOW COLUMNS FROM `ts_video` [ RunTime:0.0014s ]
NOTIC: [8] Use of undefined constant is_AJAX - assumed 'is_AJAX' /wwwroot/move_forum/Application/Home/Controller/IndexController.class.php 第 49 行.
SQL: SHOW COLUMNS FROM `ts_video` [ RunTime:0.0020s ]
SQL: SELECT * FROM `ts_video`  [ RunTime:0.0010s ]
SQL: SELECT COUNT(*) AS tp_count FROM `ts_video` LIMIT 1   [ RunTime:0.0014s ]
INFO: [ app_end ] --START--
INFO: Run Behavior\ShowPageTraceBehavior [ RunTime:0.001363s ]
INFO: [ app_end ] --END-- [ RunTime:0.001537s ]

[ 2017-03-26T18:15:10+08:00 ] ::1 /index.php/Index/getTop.html
INFO: [ app_init ] --START--
INFO: Run Behavior\BuildLiteBehavior [ RunTime:0.000033s ]
INFO: [ app_init ] --END-- [ RunTime:0.000858s ]
INFO: [ app_begin ] --START--
INFO: Run Behavior\ReadHtmlCacheBehavior [ RunTime:0.001216s ]
INFO: [ app_begin ] --END-- [ RunTime:0.001329s ]
SQL: SHOW COLUMNS FROM `ts_video` [ RunTime:0.0071s ]
NOTIC: [8] Use of undefined constant is_AJAX - assumed 'is_AJAX' /wwwroot/move_forum/Application/Home/Controller/IndexController.class.php 第 38 行.
SQL: SHOW COLUMNS FROM `ts_video` [ RunTime:0.0163s ]
SQL: SELECT * FROM `ts_video`  [ RunTime:0.0014s ]
SQL: SELECT COUNT(*) AS tp_count FROM `ts_video` LIMIT 1   [ RunTime:0.0012s ]
INFO: [ app_end ] --START--
INFO: Run Behavior\ShowPageTraceBehavior [ RunTime:0.000726s ]
INFO: [ app_end ] --END-- [ RunTime:0.000819s ]

[ 2017-03-26T18:15:13+08:00 ] ::1 /index.php/Index/getList.html
INFO: [ app_init ] --START--
INFO: Run Behavior\BuildLiteBehavior [ RunTime:0.000021s ]
INFO: [ app_init ] --END-- [ RunTime:0.000520s ]
INFO: [ app_begin ] --START--
INFO: Run Behavior\ReadHtmlCacheBehavior [ RunTime:0.000833s ]
INFO: [ app_begin ] --END-- [ RunTime:0.000927s ]
SQL: SHOW COLUMNS FROM `ts_video` [ RunTime:0.0016s ]
SQL: SHOW COLUMNS FROM `ts_video` [ RunTime:0.0012s ]
SQL: SELECT * FROM `ts_video`  [ RunTime:0.0003s ]
SQL: SELECT COUNT(*) AS tp_count FROM `ts_video` LIMIT 1   [ RunTime:0.0001s ]
ERR: Call to undefined method Think\Page::show2()

[ 2017-03-26T18:15:52+08:00 ] ::1 /index.php/Index/getList.html
INFO: [ app_init ] --START--
INFO: Run Behavior\BuildLiteBehavior [ RunTime:0.000013s ]
INFO: [ app_init ] --END-- [ RunTime:0.000380s ]
INFO: [ app_begin ] --START--
INFO: Run Behavior\ReadHtmlCacheBehavior [ RunTime:0.000454s ]
INFO: [ app_begin ] --END-- [ RunTime:0.000522s ]
SQL: SHOW COLUMNS FROM `ts_video` [ RunTime:0.0070s ]
SQL: SHOW COLUMNS FROM `ts_video` [ RunTime:0.0016s ]
SQL: SELECT * FROM `ts_video`  [ RunTime:0.0006s ]
SQL: SELECT COUNT(*) AS tp_count FROM `ts_video` LIMIT 1   [ RunTime:0.0002s ]
INFO: [ view_parse ] --START--
INFO: [ template_filter ] --START--
INFO: Run Behavior\ContentReplaceBehavior [ RunTime:0.000378s ]
INFO: [ template_filter ] --END-- [ RunTime:0.000701s ]
INFO: Run Behavior\ParseTemplateBehavior [ RunTime:0.013062s ]
INFO: [ view_parse ] --END-- [ RunTime:0.013185s ]
INFO: [ view_filter ] --START--
INFO: Run Behavior\WriteHtmlCacheBehavior [ RunTime:0.000338s ]
INFO: [ view_filter ] --END-- [ RunTime:0.000381s ]
INFO: [ app_end ] --START--
INFO: Run Behavior\ShowPageTraceBehavior [ RunTime:0.003528s ]
INFO: [ app_end ] --END-- [ RunTime:0.003657s ]

[ 2017-03-26T18:15:54+08:00 ] ::1 /index.php/Index/getMovieList.html?page=0
INFO: [ app_init ] --START--
INFO: Run Behavior\BuildLiteBehavior [ RunTime:0.000012s ]
INFO: [ app_init ] --END-- [ RunTime:0.000315s ]
INFO: [ app_begin ] --START--
INFO: Run Behavior\ReadHtmlCacheBehavior [ RunTime:0.000654s ]
INFO: [ app_begin ] --END-- [ RunTime:0.000826s ]
SQL: SHOW COLUMNS FROM `ts_video` [ RunTime:0.0020s ]
NOTIC: [8] Use of undefined constant is_AJAX - assumed 'is_AJAX' /wwwroot/move_forum/Application/Home/Controller/IndexController.class.php 第 61 行.
SQL: SHOW COLUMNS FROM `ts_video` [ RunTime:0.0017s ]
SQL: SELECT * FROM `ts_video`  [ RunTime:0.0005s ]
SQL: SELECT COUNT(*) AS tp_count FROM `ts_video` LIMIT 1   [ RunTime:0.0004s ]
INFO: [ app_end ] --START--
INFO: Run Behavior\ShowPageTraceBehavior [ RunTime:0.001384s ]
INFO: [ app_end ] --END-- [ RunTime:0.001559s ]

[ 2017-03-26T18:16:32+08:00 ] ::1 /index.php/Index/video.html?id=11
INFO: [ app_init ] --START--
INFO: Run Behavior\BuildLiteBehavior [ RunTime:0.000050s ]
INFO: [ app_init ] --END-- [ RunTime:0.001219s ]
INFO: [ app_begin ] --START--
INFO: Run Behavior\ReadHtmlCacheBehavior [ RunTime:0.000630s ]
INFO: [ app_begin ] --END-- [ RunTime:0.000720s ]
SQL: SHOW COLUMNS FROM `ts_video` [ RunTime:0.0034s ]
INFO: [ view_parse ] --START--
INFO: [ template_filter ] --START--
INFO: Run Behavior\ContentReplaceBehavior [ RunTime:0.000127s ]
INFO: [ template_filter ] --END-- [ RunTime:0.000213s ]
INFO: Run Behavior\ParseTemplateBehavior [ RunTime:0.012148s ]
INFO: [ view_parse ] --END-- [ RunTime:0.012330s ]
INFO: [ view_filter ] --START--
INFO: Run Behavior\WriteHtmlCacheBehavior [ RunTime:0.000542s ]
INFO: [ view_filter ] --END-- [ RunTime:0.000630s ]
INFO: [ app_end ] --START--
INFO: Run Behavior\ShowPageTraceBehavior [ RunTime:0.000947s ]
INFO: [ app_end ] --END-- [ RunTime:0.001050s ]

[ 2017-03-26T18:16:33+08:00 ] ::1 /index.php/Index/getone.html
INFO: [ app_init ] --START--
INFO: Run Behavior\BuildLiteBehavior [ RunTime:0.000050s ]
INFO: [ app_init ] --END-- [ RunTime:0.000939s ]
INFO: [ app_begin ] --START--
INFO: Run Behavior\ReadHtmlCacheBehavior [ RunTime:0.000673s ]
INFO: [ app_begin ] --END-- [ RunTime:0.001049s ]
SQL: SHOW COLUMNS FROM `ts_video` [ RunTime:0.0041s ]
NOTIC: [8] Use of undefined constant is_AJAX - assumed 'is_AJAX' /wwwroot/move_forum/Application/Home/Controller/IndexController.class.php 第 77 行.
ERR: Think\Model:getVideoOne方法不存在！

[ 2017-03-26T18:18:32+08:00 ] ::1 /index.php/Index/video.html?id=11
INFO: [ app_init ] --START--
INFO: Run Behavior\BuildLiteBehavior [ RunTime:0.000035s ]
INFO: [ app_init ] --END-- [ RunTime:0.010881s ]
INFO: [ app_begin ] --START--
INFO: Run Behavior\ReadHtmlCacheBehavior [ RunTime:0.006053s ]
INFO: [ app_begin ] --END-- [ RunTime:0.007771s ]
ERR: syntax error, unexpected 'class' (T_CLASS), expecting identifier (T_STRING) or '{'

[ 2017-03-26T18:18:49+08:00 ] ::1 /index.php/Index/video.html?id=11
INFO: [ app_init ] --START--
INFO: Run Behavior\BuildLiteBehavior [ RunTime:0.000040s ]
INFO: [ app_init ] --END-- [ RunTime:0.002978s ]
INFO: [ app_begin ] --START--
INFO: Run Behavior\ReadHtmlCacheBehavior [ RunTime:0.001346s ]
INFO: [ app_begin ] --END-- [ RunTime:0.001458s ]
SQL: SHOW COLUMNS FROM `ts_video` [ RunTime:0.0046s ]
INFO: [ view_parse ] --START--
INFO: [ template_filter ] --START--
INFO: Run Behavior\ContentReplaceBehavior [ RunTime:0.000188s ]
INFO: [ template_filter ] --END-- [ RunTime:0.000376s ]
INFO: Run Behavior\ParseTemplateBehavior [ RunTime:0.017478s ]
INFO: [ view_parse ] --END-- [ RunTime:0.017571s ]
INFO: [ view_filter ] --START--
INFO: Run Behavior\WriteHtmlCacheBehavior [ RunTime:0.000955s ]
INFO: [ view_filter ] --END-- [ RunTime:0.001028s ]
INFO: [ app_end ] --START--
INFO: Run Behavior\ShowPageTraceBehavior [ RunTime:0.001211s ]
INFO: [ app_end ] --END-- [ RunTime:0.001288s ]

[ 2017-03-26T18:18:52+08:00 ] ::1 /index.php/Index/getone.html
INFO: [ app_init ] --START--
INFO: Run Behavior\BuildLiteBehavior [ RunTime:0.000019s ]
INFO: [ app_init ] --END-- [ RunTime:0.000572s ]
INFO: [ app_begin ] --START--
INFO: Run Behavior\ReadHtmlCacheBehavior [ RunTime:0.000660s ]
INFO: [ app_begin ] --END-- [ RunTime:0.000753s ]
SQL: SHOW COLUMNS FROM `ts_video` [ RunTime:0.0027s ]
NOTIC: [8] Use of undefined constant is_AJAX - assumed 'is_AJAX' /wwwroot/move_forum/Application/Home/Controller/IndexController.class.php 第 78 行.
ERR: Think\Model:getVideoOne方法不存在！

[ 2017-03-26T18:19:48+08:00 ] ::1 /index.php/Index/video.html?id=11
INFO: [ app_init ] --START--
INFO: Run Behavior\BuildLiteBehavior [ RunTime:0.000022s ]
INFO: [ app_init ] --END-- [ RunTime:0.000822s ]
INFO: [ app_begin ] --START--
INFO: Run Behavior\ReadHtmlCacheBehavior [ RunTime:0.000888s ]
INFO: [ app_begin ] --END-- [ RunTime:0.000973s ]
SQL: SHOW COLUMNS FROM `ts_video` [ RunTime:0.0029s ]
INFO: [ view_parse ] --START--
INFO: [ template_filter ] --START--
INFO: Run Behavior\ContentReplaceBehavior [ RunTime:0.002136s ]
INFO: [ template_filter ] --END-- [ RunTime:0.002374s ]
INFO: Run Behavior\ParseTemplateBehavior [ RunTime:0.054475s ]
INFO: [ view_parse ] --END-- [ RunTime:0.054563s ]
INFO: [ view_filter ] --START--
INFO: Run Behavior\WriteHtmlCacheBehavior [ RunTime:0.001198s ]
INFO: [ view_filter ] --END-- [ RunTime:0.001269s ]
INFO: [ app_end ] --START--
INFO: Run Behavior\ShowPageTraceBehavior [ RunTime:0.038959s ]
INFO: [ app_end ] --END-- [ RunTime:0.039044s ]

[ 2017-03-26T18:19:49+08:00 ] ::1 /index.php/Index/getone.html
INFO: [ app_init ] --START--
INFO: Run Behavior\BuildLiteBehavior [ RunTime:0.000044s ]
INFO: [ app_init ] --END-- [ RunTime:0.000685s ]
INFO: [ app_begin ] --START--
INFO: Run Behavior\ReadHtmlCacheBehavior [ RunTime:0.000676s ]
INFO: [ app_begin ] --END-- [ RunTime:0.000759s ]
SQL: SHOW COLUMNS FROM `ts_video` [ RunTime:0.0025s ]
NOTIC: [8] Use of undefined constant is_AJAX - assumed 'is_AJAX' /wwwroot/move_forum/Application/Home/Controller/IndexController.class.php 第 78 行.

[ 2017-03-26T18:20:39+08:00 ] ::1 /index.php/Index/video.html?id=11
INFO: [ app_init ] --START--
INFO: Run Behavior\BuildLiteBehavior [ RunTime:0.000021s ]
INFO: [ app_init ] --END-- [ RunTime:0.001822s ]
INFO: [ app_begin ] --START--
INFO: Run Behavior\ReadHtmlCacheBehavior [ RunTime:0.000987s ]
INFO: [ app_begin ] --END-- [ RunTime:0.001129s ]
SQL: SHOW COLUMNS FROM `ts_video` [ RunTime:0.0078s ]
INFO: [ view_parse ] --START--
INFO: [ template_filter ] --START--
INFO: Run Behavior\ContentReplaceBehavior [ RunTime:0.000142s ]
INFO: [ template_filter ] --END-- [ RunTime:0.000224s ]
INFO: Run Behavior\ParseTemplateBehavior [ RunTime:0.030275s ]
INFO: [ view_parse ] --END-- [ RunTime:0.030355s ]
INFO: [ view_filter ] --START--
INFO: Run Behavior\WriteHtmlCacheBehavior [ RunTime:0.000448s ]
INFO: [ view_filter ] --END-- [ RunTime:0.000512s ]
INFO: [ app_end ] --START--
INFO: Run Behavior\ShowPageTraceBehavior [ RunTime:0.001055s ]
INFO: [ app_end ] --END-- [ RunTime:0.001141s ]

[ 2017-03-26T18:20:40+08:00 ] ::1 /index.php/Index/getone.html
INFO: [ app_init ] --START--
INFO: Run Behavior\BuildLiteBehavior [ RunTime:0.000020s ]
INFO: [ app_init ] --END-- [ RunTime:0.000579s ]
INFO: [ app_begin ] --START--
INFO: Run Behavior\ReadHtmlCacheBehavior [ RunTime:0.000822s ]
INFO: [ app_begin ] --END-- [ RunTime:0.000903s ]
SQL: SHOW COLUMNS FROM `ts_video` [ RunTime:0.0023s ]
NOTIC: [8] Use of undefined constant is_AJAX - assumed 'is_AJAX' /wwwroot/move_forum/Application/Home/Controller/IndexController.class.php 第 78 行.
ERR: Think\Model:getVideoOne方法不存在！

[ 2017-03-26T18:21:16+08:00 ] ::1 /index.php/Index/video.html?id=11
INFO: [ app_init ] --START--
INFO: Run Behavior\BuildLiteBehavior [ RunTime:0.000022s ]
INFO: [ app_init ] --END-- [ RunTime:0.000774s ]
INFO: [ app_begin ] --START--
INFO: Run Behavior\ReadHtmlCacheBehavior [ RunTime:0.000707s ]
INFO: [ app_begin ] --END-- [ RunTime:0.000786s ]
SQL: SHOW COLUMNS FROM `ts_video` [ RunTime:0.0022s ]
INFO: [ view_parse ] --START--
INFO: [ template_filter ] --START--
INFO: Run Behavior\ContentReplaceBehavior [ RunTime:0.000147s ]
INFO: [ template_filter ] --END-- [ RunTime:0.000598s ]
INFO: Run Behavior\ParseTemplateBehavior [ RunTime:0.011313s ]
INFO: [ view_parse ] --END-- [ RunTime:0.011437s ]
INFO: [ view_filter ] --START--
INFO: Run Behavior\WriteHtmlCacheBehavior [ RunTime:0.000522s ]
INFO: [ view_filter ] --END-- [ RunTime:0.000633s ]
INFO: [ app_end ] --START--
INFO: Run Behavior\ShowPageTraceBehavior [ RunTime:0.001106s ]
INFO: [ app_end ] --END-- [ RunTime:0.001192s ]

[ 2017-03-26T18:21:18+08:00 ] ::1 /index.php/Index/getone.html
INFO: [ app_init ] --START--
INFO: Run Behavior\BuildLiteBehavior [ RunTime:0.000022s ]
INFO: [ app_init ] --END-- [ RunTime:0.000593s ]
INFO: [ app_begin ] --START--
INFO: Run Behavior\ReadHtmlCacheBehavior [ RunTime:0.000877s ]
INFO: [ app_begin ] --END-- [ RunTime:0.000979s ]
SQL: SHOW COLUMNS FROM `ts_video` [ RunTime:0.0019s ]
NOTIC: [8] Use of undefined constant is_AJAX - assumed 'is_AJAX' /wwwroot/move_forum/Application/Home/Controller/IndexController.class.php 第 78 行.
SQL: SHOW COLUMNS FROM `ts_video` [ RunTime:0.0017s ]
SQL: SHOW COLUMNS FROM `ts_sort` [ RunTime:0.0041s ]
SQL: SHOW COLUMNS FROM `ts_service` [ RunTime:0.0071s ]
SQL: SELECT video.id AS id,video.name AS name,video.image AS image,video.link AS link,video.hit AS hit,video.addtime AS addtime,video.sort AS sort,video.service AS service,sort.name AS sortname,service.link AS server FROM ts_video video LEFT JOIN ts_sort sort ON video.sort=sort.id  JOIN ts_service service ON video.service=service.name WHERE video.id = '11' LIMIT 1   [ RunTime:0.0075s ]

[ 2017-03-26T18:21:32+08:00 ] ::1 /index.php/Index/video.html?id=11
INFO: [ app_init ] --START--
INFO: Run Behavior\BuildLiteBehavior [ RunTime:0.000020s ]
INFO: [ app_init ] --END-- [ RunTime:0.000594s ]
INFO: [ app_begin ] --START--
INFO: Run Behavior\ReadHtmlCacheBehavior [ RunTime:0.000779s ]
INFO: [ app_begin ] --END-- [ RunTime:0.000899s ]
SQL: SHOW COLUMNS FROM `ts_video` [ RunTime:0.0062s ]
INFO: [ view_parse ] --START--
INFO: [ template_filter ] --START--
INFO: Run Behavior\ContentReplaceBehavior [ RunTime:0.000111s ]
INFO: [ template_filter ] --END-- [ RunTime:0.000250s ]
INFO: Run Behavior\ParseTemplateBehavior [ RunTime:0.027235s ]
INFO: [ view_parse ] --END-- [ RunTime:0.027313s ]
INFO: [ view_filter ] --START--
INFO: Run Behavior\WriteHtmlCacheBehavior [ RunTime:0.000544s ]
INFO: [ view_filter ] --END-- [ RunTime:0.000614s ]
INFO: [ app_end ] --START--
INFO: Run Behavior\ShowPageTraceBehavior [ RunTime:0.001612s ]
INFO: [ app_end ] --END-- [ RunTime:0.001747s ]

[ 2017-03-26T18:21:33+08:00 ] ::1 /index.php/Index/getone.html
INFO: [ app_init ] --START--
INFO: Run Behavior\BuildLiteBehavior [ RunTime:0.000022s ]
INFO: [ app_init ] --END-- [ RunTime:0.000486s ]
INFO: [ app_begin ] --START--
INFO: Run Behavior\ReadHtmlCacheBehavior [ RunTime:0.001318s ]
INFO: [ app_begin ] --END-- [ RunTime:0.001415s ]
SQL: SHOW COLUMNS FROM `ts_video` [ RunTime:0.0050s ]
NOTIC: [8] Use of undefined constant is_AJAX - assumed 'is_AJAX' /wwwroot/move_forum/Application/Home/Controller/IndexController.class.php 第 78 行.
SQL: SHOW COLUMNS FROM `ts_video` [ RunTime:0.0129s ]
SQL: SHOW COLUMNS FROM `ts_sort` [ RunTime:0.0015s ]
SQL: SHOW COLUMNS FROM `ts_service` [ RunTime:0.0012s ]
SQL: SELECT video.id AS id,video.name AS name,video.image AS image,video.link AS link,video.hit AS hit,video.addtime AS addtime,video.sort AS sort,video.service AS service,sort.name AS sortname,service.link AS server FROM ts_video video LEFT JOIN ts_sort sort ON video.sort=sort.id  JOIN ts_service service ON video.service=service.name WHERE video.id = '11' LIMIT 1   [ RunTime:0.0008s ]

[ 2017-03-26T18:22:32+08:00 ] ::1 /index.php/Index/video.html?id=11
INFO: [ app_init ] --START--
INFO: Run Behavior\BuildLiteBehavior [ RunTime:0.000011s ]
INFO: [ app_init ] --END-- [ RunTime:0.000300s ]
INFO: [ app_begin ] --START--
INFO: Run Behavior\ReadHtmlCacheBehavior [ RunTime:0.000389s ]
INFO: [ app_begin ] --END-- [ RunTime:0.000429s ]
SQL: SHOW COLUMNS FROM `ts_video` [ RunTime:0.0020s ]
INFO: [ view_parse ] --START--
INFO: [ template_filter ] --START--
INFO: Run Behavior\ContentReplaceBehavior [ RunTime:0.000092s ]
INFO: [ template_filter ] --END-- [ RunTime:0.000144s ]
INFO: Run Behavior\ParseTemplateBehavior [ RunTime:0.006732s ]
INFO: [ view_parse ] --END-- [ RunTime:0.006790s ]
INFO: [ view_filter ] --START--
INFO: Run Behavior\WriteHtmlCacheBehavior [ RunTime:0.000232s ]
INFO: [ view_filter ] --END-- [ RunTime:0.000270s ]
INFO: [ app_end ] --START--
INFO: Run Behavior\ShowPageTraceBehavior [ RunTime:0.000491s ]
INFO: [ app_end ] --END-- [ RunTime:0.000533s ]

[ 2017-03-26T18:22:34+08:00 ] ::1 /index.php/Index/getone.html
INFO: [ app_init ] --START--
INFO: Run Behavior\BuildLiteBehavior [ RunTime:0.000014s ]
INFO: [ app_init ] --END-- [ RunTime:0.000335s ]
INFO: [ app_begin ] --START--
INFO: Run Behavior\ReadHtmlCacheBehavior [ RunTime:0.000462s ]
INFO: [ app_begin ] --END-- [ RunTime:0.000535s ]
SQL: SHOW COLUMNS FROM `ts_video` [ RunTime:0.0016s ]
NOTIC: [8] Use of undefined constant is_AJAX - assumed 'is_AJAX' /wwwroot/move_forum/Application/Home/Controller/IndexController.class.php 第 78 行.
SQL: SHOW COLUMNS FROM `ts_video` [ RunTime:0.0016s ]
SQL: SHOW COLUMNS FROM `ts_sort` [ RunTime:0.0022s ]
SQL: SHOW COLUMNS FROM `ts_service` [ RunTime:0.0015s ]
SQL: SELECT video.id AS id,video.name AS name,video.image AS image,video.link AS link,video.hit AS hit,video.addtime AS addtime,video.sort AS sort,video.service AS service,sort.name AS sortname,service.link AS server FROM ts_video video LEFT JOIN ts_sort sort ON video.sort=sort.id  JOIN ts_service service ON video.service=service.name WHERE video.id = '11' LIMIT 1   [ RunTime:0.0007s ]

[ 2017-03-26T18:22:55+08:00 ] ::1 /index.php/Index/video.html?id=11
INFO: [ app_init ] --START--
INFO: Run Behavior\BuildLiteBehavior [ RunTime:0.000038s ]
INFO: [ app_init ] --END-- [ RunTime:0.000835s ]
INFO: [ app_begin ] --START--
INFO: Run Behavior\ReadHtmlCacheBehavior [ RunTime:0.000982s ]
INFO: [ app_begin ] --END-- [ RunTime:0.001065s ]
SQL: SHOW COLUMNS FROM `ts_video` [ RunTime:0.0029s ]
INFO: [ view_parse ] --START--
INFO: [ template_filter ] --START--
INFO: Run Behavior\ContentReplaceBehavior [ RunTime:0.000169s ]
INFO: [ template_filter ] --END-- [ RunTime:0.000284s ]
INFO: Run Behavior\ParseTemplateBehavior [ RunTime:0.019683s ]
INFO: [ view_parse ] --END-- [ RunTime:0.019821s ]
INFO: [ view_filter ] --START--
INFO: Run Behavior\WriteHtmlCacheBehavior [ RunTime:0.000438s ]
INFO: [ view_filter ] --END-- [ RunTime:0.000498s ]
INFO: [ app_end ] --START--
INFO: Run Behavior\ShowPageTraceBehavior [ RunTime:0.001492s ]
INFO: [ app_end ] --END-- [ RunTime:0.001575s ]

[ 2017-03-26T18:22:56+08:00 ] ::1 /index.php/Index/getone.html
INFO: [ app_init ] --START--
INFO: Run Behavior\BuildLiteBehavior [ RunTime:0.000015s ]
INFO: [ app_init ] --END-- [ RunTime:0.000311s ]
INFO: [ app_begin ] --START--
INFO: Run Behavior\ReadHtmlCacheBehavior [ RunTime:0.000393s ]
INFO: [ app_begin ] --END-- [ RunTime:0.000439s ]
SQL: SHOW COLUMNS FROM `ts_video` [ RunTime:0.0031s ]
NOTIC: [8] Use of undefined constant is_AJAX - assumed 'is_AJAX' /wwwroot/move_forum/Application/Home/Controller/IndexController.class.php 第 78 行.
SQL: SHOW COLUMNS FROM `ts_video` [ RunTime:0.0029s ]
SQL: SHOW COLUMNS FROM `ts_sort` [ RunTime:0.0054s ]
SQL: SHOW COLUMNS FROM `ts_service` [ RunTime:0.0048s ]
SQL: SELECT video.id AS id,video.name AS name,video.image AS image,video.link AS link,video.hit AS hit,video.addtime AS addtime,video.sort AS sort,video.service AS service,sort.name AS sortname,service.link AS server FROM ts_video video LEFT JOIN ts_sort sort ON video.sort=sort.id  JOIN ts_service service ON video.service=service.name WHERE video.id = '11' LIMIT 1   [ RunTime:0.0031s ]

[ 2017-03-26T18:23:35+08:00 ] ::1 /index.php
INFO: [ app_init ] --START--
INFO: Run Behavior\BuildLiteBehavior [ RunTime:0.000034s ]
INFO: [ app_init ] --END-- [ RunTime:0.000573s ]
INFO: [ app_begin ] --START--
INFO: Run Behavior\ReadHtmlCacheBehavior [ RunTime:0.000681s ]
INFO: [ app_begin ] --END-- [ RunTime:0.000772s ]
SQL: SHOW COLUMNS FROM `ts_video` [ RunTime:0.0030s ]
INFO: [ view_parse ] --START--
INFO: [ template_filter ] --START--
INFO: Run Behavior\ContentReplaceBehavior [ RunTime:0.000115s ]
INFO: [ template_filter ] --END-- [ RunTime:0.000167s ]
INFO: Run Behavior\ParseTemplateBehavior [ RunTime:0.013105s ]
INFO: [ view_parse ] --END-- [ RunTime:0.013227s ]
INFO: [ view_filter ] --START--
INFO: Run Behavior\WriteHtmlCacheBehavior [ RunTime:0.000256s ]
INFO: [ view_filter ] --END-- [ RunTime:0.000802s ]
INFO: [ app_end ] --START--
INFO: Run Behavior\ShowPageTraceBehavior [ RunTime:0.001775s ]
INFO: [ app_end ] --END-- [ RunTime:0.001970s ]

[ 2017-03-26T18:23:36+08:00 ] ::1 /index.php/Index/getTop.html
INFO: [ app_init ] --START--
INFO: Run Behavior\BuildLiteBehavior [ RunTime:0.000020s ]
INFO: [ app_init ] --END-- [ RunTime:0.000438s ]
INFO: [ app_begin ] --START--
INFO: Run Behavior\ReadHtmlCacheBehavior [ RunTime:0.000578s ]
INFO: [ app_begin ] --END-- [ RunTime:0.000653s ]
SQL: SHOW COLUMNS FROM `ts_video` [ RunTime:0.0037s ]
NOTIC: [8] Use of undefined constant is_AJAX - assumed 'is_AJAX' /wwwroot/move_forum/Application/Home/Controller/IndexController.class.php 第 39 行.
SQL: SHOW COLUMNS FROM `ts_video` [ RunTime:0.0024s ]
SQL: SELECT * FROM `ts_video`  [ RunTime:0.0004s ]
SQL: SELECT COUNT(*) AS tp_count FROM `ts_video` LIMIT 1   [ RunTime:0.0002s ]
INFO: [ app_end ] --START--
INFO: Run Behavior\ShowPageTraceBehavior [ RunTime:0.000711s ]
INFO: [ app_end ] --END-- [ RunTime:0.000842s ]

[ 2017-03-26T18:23:36+08:00 ] ::1 /index.php/Index/getNewList.html
INFO: [ app_init ] --START--
INFO: Run Behavior\BuildLiteBehavior [ RunTime:0.000017s ]
INFO: [ app_init ] --END-- [ RunTime:0.000431s ]
INFO: [ app_begin ] --START--
INFO: Run Behavior\ReadHtmlCacheBehavior [ RunTime:0.000599s ]
INFO: [ app_begin ] --END-- [ RunTime:0.000672s ]
SQL: SHOW COLUMNS FROM `ts_video` [ RunTime:0.0016s ]
NOTIC: [8] Use of undefined constant is_AJAX - assumed 'is_AJAX' /wwwroot/move_forum/Application/Home/Controller/IndexController.class.php 第 50 行.
SQL: SHOW COLUMNS FROM `ts_video` [ RunTime:0.0025s ]
SQL: SELECT * FROM `ts_video`  [ RunTime:0.0008s ]
SQL: SELECT COUNT(*) AS tp_count FROM `ts_video` LIMIT 1   [ RunTime:0.0006s ]
INFO: [ app_end ] --START--
INFO: Run Behavior\ShowPageTraceBehavior [ RunTime:0.000711s ]
INFO: [ app_end ] --END-- [ RunTime:0.000803s ]

[ 2017-03-26T18:24:56+08:00 ] ::1 /index.php/Index/getNewList.html
INFO: [ app_init ] --START--
INFO: Run Behavior\BuildLiteBehavior [ RunTime:0.000020s ]
INFO: [ app_init ] --END-- [ RunTime:0.000511s ]
INFO: [ app_begin ] --START--
INFO: Run Behavior\ReadHtmlCacheBehavior [ RunTime:0.000602s ]
INFO: [ app_begin ] --END-- [ RunTime:0.000678s ]
SQL: SHOW COLUMNS FROM `ts_video` [ RunTime:0.0024s ]
NOTIC: [8] Use of undefined constant is_AJAX - assumed 'is_AJAX' /wwwroot/move_forum/Application/Home/Controller/IndexController.class.php 第 50 行.
SQL: SHOW COLUMNS FROM `ts_video` [ RunTime:0.0033s ]
SQL: SELECT * FROM `ts_video`  [ RunTime:0.0007s ]
SQL: SELECT COUNT(*) AS tp_count FROM `ts_video` LIMIT 1   [ RunTime:0.0004s ]
INFO: [ app_end ] --START--
INFO: Run Behavior\ShowPageTraceBehavior [ RunTime:0.001174s ]
INFO: [ app_end ] --END-- [ RunTime:0.001294s ]

[ 2017-03-26T18:24:56+08:00 ] ::1 /index.php/Index/getTop.html
INFO: [ app_init ] --START--
INFO: Run Behavior\BuildLiteBehavior [ RunTime:0.000020s ]
INFO: [ app_init ] --END-- [ RunTime:0.000738s ]
INFO: [ app_begin ] --START--
INFO: Run Behavior\ReadHtmlCacheBehavior [ RunTime:0.000548s ]
INFO: [ app_begin ] --END-- [ RunTime:0.000606s ]
SQL: SHOW COLUMNS FROM `ts_video` [ RunTime:0.0015s ]
NOTIC: [8] Use of undefined constant is_AJAX - assumed 'is_AJAX' /wwwroot/move_forum/Application/Home/Controller/IndexController.class.php 第 39 行.
SQL: SHOW COLUMNS FROM `ts_video` [ RunTime:0.0011s ]
SQL: SELECT * FROM `ts_video`  [ RunTime:0.0007s ]
SQL: SELECT COUNT(*) AS tp_count FROM `ts_video` LIMIT 1   [ RunTime:0.0003s ]
INFO: [ app_end ] --START--
INFO: Run Behavior\ShowPageTraceBehavior [ RunTime:0.002706s ]
INFO: [ app_end ] --END-- [ RunTime:0.003032s ]

[ 2017-03-26T18:25:16+08:00 ] ::1 /index.php
INFO: [ app_init ] --START--
INFO: Run Behavior\BuildLiteBehavior [ RunTime:0.000097s ]
INFO: [ app_init ] --END-- [ RunTime:0.000663s ]
INFO: [ app_begin ] --START--
INFO: Run Behavior\ReadHtmlCacheBehavior [ RunTime:0.001052s ]
INFO: [ app_begin ] --END-- [ RunTime:0.001195s ]
SQL: SHOW COLUMNS FROM `ts_video` [ RunTime:0.0199s ]
INFO: [ view_parse ] --START--
INFO: [ template_filter ] --START--
INFO: Run Behavior\ContentReplaceBehavior [ RunTime:0.000106s ]
INFO: [ template_filter ] --END-- [ RunTime:0.000179s ]
INFO: Run Behavior\ParseTemplateBehavior [ RunTime:0.049397s ]
INFO: [ view_parse ] --END-- [ RunTime:0.049632s ]
INFO: [ view_filter ] --START--
INFO: Run Behavior\WriteHtmlCacheBehavior [ RunTime:0.000878s ]
INFO: [ view_filter ] --END-- [ RunTime:0.000979s ]
INFO: [ app_end ] --START--
INFO: Run Behavior\ShowPageTraceBehavior [ RunTime:0.003607s ]
INFO: [ app_end ] --END-- [ RunTime:0.003783s ]

[ 2017-03-26T18:25:17+08:00 ] ::1 /index.php/Index/getTop.html
INFO: [ app_init ] --START--
INFO: Run Behavior\BuildLiteBehavior [ RunTime:0.000041s ]
INFO: [ app_init ] --END-- [ RunTime:0.000698s ]
INFO: [ app_begin ] --START--
INFO: Run Behavior\ReadHtmlCacheBehavior [ RunTime:0.003910s ]
INFO: [ app_begin ] --END-- [ RunTime:0.004034s ]
SQL: SHOW COLUMNS FROM `ts_video` [ RunTime:0.0028s ]
NOTIC: [8] Use of undefined constant is_AJAX - assumed 'is_AJAX' /wwwroot/move_forum/Application/Home/Controller/IndexController.class.php 第 39 行.
SQL: SHOW COLUMNS FROM `ts_video` [ RunTime:0.0014s ]
SQL: SELECT * FROM `ts_video`  [ RunTime:0.0010s ]
SQL: SELECT COUNT(*) AS tp_count FROM `ts_video` LIMIT 1   [ RunTime:0.0002s ]
INFO: [ app_end ] --START--
INFO: Run Behavior\ShowPageTraceBehavior [ RunTime:0.001030s ]
INFO: [ app_end ] --END-- [ RunTime:0.001130s ]

[ 2017-03-26T18:25:17+08:00 ] ::1 /index.php/Index/getNewList.html
INFO: [ app_init ] --START--
INFO: Run Behavior\BuildLiteBehavior [ RunTime:0.000015s ]
INFO: [ app_init ] --END-- [ RunTime:0.000472s ]
INFO: [ app_begin ] --START--
INFO: Run Behavior\ReadHtmlCacheBehavior [ RunTime:0.008945s ]
INFO: [ app_begin ] --END-- [ RunTime:0.021192s ]
SQL: SHOW COLUMNS FROM `ts_video` [ RunTime:0.0024s ]
NOTIC: [8] Use of undefined constant is_AJAX - assumed 'is_AJAX' /wwwroot/move_forum/Application/Home/Controller/IndexController.class.php 第 50 行.
SQL: SHOW COLUMNS FROM `ts_video` [ RunTime:0.0017s ]
SQL: SELECT * FROM `ts_video`  [ RunTime:0.0004s ]
SQL: SELECT COUNT(*) AS tp_count FROM `ts_video` LIMIT 1   [ RunTime:0.0002s ]
INFO: [ app_end ] --START--
INFO: Run Behavior\ShowPageTraceBehavior [ RunTime:0.000729s ]
INFO: [ app_end ] --END-- [ RunTime:0.000820s ]

[ 2017-03-26T18:25:26+08:00 ] ::1 /index.php/Index/getNewList.html
INFO: [ app_init ] --START--
INFO: Run Behavior\BuildLiteBehavior [ RunTime:0.000019s ]
INFO: [ app_init ] --END-- [ RunTime:0.000447s ]
INFO: [ app_begin ] --START--
INFO: Run Behavior\ReadHtmlCacheBehavior [ RunTime:0.001054s ]
INFO: [ app_begin ] --END-- [ RunTime:0.001129s ]
SQL: SHOW COLUMNS FROM `ts_video` [ RunTime:0.0027s ]
NOTIC: [8] Use of undefined constant is_AJAX - assumed 'is_AJAX' /wwwroot/move_forum/Application/Home/Controller/IndexController.class.php 第 50 行.
SQL: SHOW COLUMNS FROM `ts_video` [ RunTime:0.0021s ]
SQL: SELECT * FROM `ts_video`  [ RunTime:0.0006s ]
SQL: SELECT COUNT(*) AS tp_count FROM `ts_video` LIMIT 1   [ RunTime:0.0004s ]
INFO: [ app_end ] --START--
INFO: Run Behavior\ShowPageTraceBehavior [ RunTime:0.002072s ]
INFO: [ app_end ] --END-- [ RunTime:0.002218s ]

[ 2017-03-26T18:25:26+08:00 ] ::1 /index.php/Index/getTop.html
INFO: [ app_init ] --START--
INFO: Run Behavior\BuildLiteBehavior [ RunTime:0.000019s ]
INFO: [ app_init ] --END-- [ RunTime:0.000448s ]
INFO: [ app_begin ] --START--
INFO: Run Behavior\ReadHtmlCacheBehavior [ RunTime:0.001276s ]
INFO: [ app_begin ] --END-- [ RunTime:0.001341s ]
SQL: SHOW COLUMNS FROM `ts_video` [ RunTime:0.0023s ]
NOTIC: [8] Use of undefined constant is_AJAX - assumed 'is_AJAX' /wwwroot/move_forum/Application/Home/Controller/IndexController.class.php 第 39 行.
SQL: SHOW COLUMNS FROM `ts_video` [ RunTime:0.0027s ]
SQL: SELECT * FROM `ts_video`  [ RunTime:0.0025s ]
SQL: SELECT COUNT(*) AS tp_count FROM `ts_video` LIMIT 1   [ RunTime:0.0002s ]
INFO: [ app_end ] --START--
INFO: Run Behavior\ShowPageTraceBehavior [ RunTime:0.000888s ]
INFO: [ app_end ] --END-- [ RunTime:0.001002s ]

