[ 2017-04-06T20:59:34+08:00 ] ::1 /
INFO: [ app_init ] --START--
INFO: Run Behavior\BuildLiteBehavior [ RunTime:0.000259s ]
INFO: [ app_init ] --END-- [ RunTime:0.001788s ]
INFO: [ app_begin ] --START--
INFO: Run Behavior\ReadHtmlCacheBehavior [ RunTime:0.000548s ]
INFO: [ app_begin ] --END-- [ RunTime:0.000593s ]
SQL: SHOW COLUMNS FROM `ts_video` [ RunTime:0.0025s ]
INFO: [ view_parse ] --START--
INFO: [ template_filter ] --START--
INFO: Run Behavior\ContentReplaceBehavior [ RunTime:0.001243s ]
INFO: [ template_filter ] --END-- [ RunTime:0.001498s ]
INFO: Run Behavior\ParseTemplateBehavior [ RunTime:0.021437s ]
INFO: [ view_parse ] --END-- [ RunTime:0.021504s ]
INFO: [ view_filter ] --START--
INFO: Run Behavior\WriteHtmlCacheBehavior [ RunTime:0.000427s ]
INFO: [ view_filter ] --END-- [ RunTime:0.000475s ]
INFO: [ app_end ] --START--
INFO: Run Behavior\ShowPageTraceBehavior [ RunTime:0.000888s ]
INFO: [ app_end ] --END-- [ RunTime:0.000980s ]

[ 2017-04-06T20:59:35+08:00 ] ::1 /index.php/Index/getTop.html
INFO: [ app_init ] --START--
INFO: Run Behavior\BuildLiteBehavior [ RunTime:0.000011s ]
INFO: [ app_init ] --END-- [ RunTime:0.000266s ]
INFO: [ app_begin ] --START--
INFO: Run Behavior\ReadHtmlCacheBehavior [ RunTime:0.000361s ]
INFO: [ app_begin ] --END-- [ RunTime:0.000399s ]
SQL: SHOW COLUMNS FROM `ts_video` [ RunTime:0.0010s ]
NOTIC: [8] Use of undefined constant is_AJAX - assumed 'is_AJAX' /wwwroot/move_forum/Application/Home/Controller/IndexController.class.php 第 38 行.
SQL: SHOW COLUMNS FROM `ts_video` [ RunTime:0.0009s ]
SQL: SELECT * FROM `ts_video` WHERE ( status = 1 ) ORDER BY hit DESC LIMIT 0,6   [ RunTime:0.0013s ]
SQL: SELECT COUNT(*) AS tp_count FROM `ts_video` WHERE ( status = 1 ) LIMIT 1   [ RunTime:0.0017s ]
INFO: [ app_end ] --START--
INFO: Run Behavior\ShowPageTraceBehavior [ RunTime:0.000505s ]
INFO: [ app_end ] --END-- [ RunTime:0.000548s ]

[ 2017-04-06T20:59:35+08:00 ] ::1 /index.php/Index/getNewList.html
INFO: [ app_init ] --START--
INFO: Run Behavior\BuildLiteBehavior [ RunTime:0.000019s ]
INFO: [ app_init ] --END-- [ RunTime:0.000373s ]
INFO: [ app_begin ] --START--
INFO: Run Behavior\ReadHtmlCacheBehavior [ RunTime:0.000413s ]
INFO: [ app_begin ] --END-- [ RunTime:0.000457s ]
SQL: SHOW COLUMNS FROM `ts_video` [ RunTime:0.0016s ]
NOTIC: [8] Use of undefined constant is_AJAX - assumed 'is_AJAX' /wwwroot/move_forum/Application/Home/Controller/IndexController.class.php 第 51 行.
SQL: SHOW COLUMNS FROM `ts_video` [ RunTime:0.0016s ]
SQL: SELECT * FROM `ts_video` WHERE ( status = 1 ) ORDER BY id DESC LIMIT 0,24   [ RunTime:0.0004s ]
SQL: SELECT COUNT(*) AS tp_count FROM `ts_video` WHERE ( status = 1 ) LIMIT 1   [ RunTime:0.0020s ]
INFO: [ app_end ] --START--
INFO: Run Behavior\ShowPageTraceBehavior [ RunTime:0.001331s ]
INFO: [ app_end ] --END-- [ RunTime:0.001562s ]

[ 2017-04-06T20:59:58+08:00 ] ::1 /
INFO: [ app_init ] --START--
INFO: Run Behavior\BuildLiteBehavior [ RunTime:0.000024s ]
INFO: [ app_init ] --END-- [ RunTime:0.000629s ]
INFO: [ app_begin ] --START--
INFO: Run Behavior\ReadHtmlCacheBehavior [ RunTime:0.000628s ]
INFO: [ app_begin ] --END-- [ RunTime:0.000678s ]
SQL: SHOW COLUMNS FROM `ts_video` [ RunTime:0.0010s ]
INFO: [ view_parse ] --START--
INFO: [ template_filter ] --START--
INFO: Run Behavior\ContentReplaceBehavior [ RunTime:0.000155s ]
INFO: [ template_filter ] --END-- [ RunTime:0.000208s ]
INFO: Run Behavior\ParseTemplateBehavior [ RunTime:0.012928s ]
INFO: [ view_parse ] --END-- [ RunTime:0.012970s ]
INFO: [ view_filter ] --START--
INFO: Run Behavior\WriteHtmlCacheBehavior [ RunTime:0.000344s ]
INFO: [ view_filter ] --END-- [ RunTime:0.000382s ]
INFO: [ app_end ] --START--
INFO: Run Behavior\ShowPageTraceBehavior [ RunTime:0.000821s ]
INFO: [ app_end ] --END-- [ RunTime:0.000898s ]

[ 2017-04-06T20:59:59+08:00 ] ::1 /index.php/Index/getTop.html
INFO: [ app_init ] --START--
INFO: Run Behavior\BuildLiteBehavior [ RunTime:0.000018s ]
INFO: [ app_init ] --END-- [ RunTime:0.000446s ]
INFO: [ app_begin ] --START--
INFO: Run Behavior\ReadHtmlCacheBehavior [ RunTime:0.003587s ]
INFO: [ app_begin ] --END-- [ RunTime:0.003762s ]
SQL: SHOW COLUMNS FROM `ts_video` [ RunTime:0.0046s ]
NOTIC: [8] Use of undefined constant is_AJAX - assumed 'is_AJAX' /wwwroot/move_forum/Application/Home/Controller/IndexController.class.php 第 38 行.
SQL: SHOW COLUMNS FROM `ts_video` [ RunTime:0.0013s ]
SQL: SELECT * FROM `ts_video` WHERE ( status = 1 ) ORDER BY hit DESC LIMIT 0,6   [ RunTime:0.0003s ]
SQL: SELECT COUNT(*) AS tp_count FROM `ts_video` WHERE ( status = 1 ) LIMIT 1   [ RunTime:0.0001s ]
INFO: [ app_end ] --START--
INFO: Run Behavior\ShowPageTraceBehavior [ RunTime:0.000486s ]
INFO: [ app_end ] --END-- [ RunTime:0.000600s ]

[ 2017-04-06T20:59:59+08:00 ] ::1 /index.php/Index/getNewList.html
INFO: [ app_init ] --START--
INFO: Run Behavior\BuildLiteBehavior [ RunTime:0.000033s ]
INFO: [ app_init ] --END-- [ RunTime:0.001350s ]
INFO: [ app_begin ] --START--
INFO: Run Behavior\ReadHtmlCacheBehavior [ RunTime:0.000529s ]
INFO: [ app_begin ] --END-- [ RunTime:0.000628s ]
SQL: SHOW COLUMNS FROM `ts_video` [ RunTime:0.0043s ]
NOTIC: [8] Use of undefined constant is_AJAX - assumed 'is_AJAX' /wwwroot/move_forum/Application/Home/Controller/IndexController.class.php 第 51 行.
SQL: SHOW COLUMNS FROM `ts_video` [ RunTime:0.0027s ]
SQL: SELECT * FROM `ts_video` WHERE ( status = 1 ) ORDER BY id DESC LIMIT 0,24   [ RunTime:0.0005s ]
SQL: SELECT COUNT(*) AS tp_count FROM `ts_video` WHERE ( status = 1 ) LIMIT 1   [ RunTime:0.0004s ]
INFO: [ app_end ] --START--
INFO: Run Behavior\ShowPageTraceBehavior [ RunTime:0.000516s ]
INFO: [ app_end ] --END-- [ RunTime:0.000602s ]

[ 2017-04-06T21:00:11+08:00 ] ::1 /
INFO: [ app_init ] --START--
INFO: Run Behavior\BuildLiteBehavior [ RunTime:0.000024s ]
INFO: [ app_init ] --END-- [ RunTime:0.000624s ]
INFO: [ app_begin ] --START--
INFO: Run Behavior\ReadHtmlCacheBehavior [ RunTime:0.000584s ]
INFO: [ app_begin ] --END-- [ RunTime:0.000634s ]
SQL: SHOW COLUMNS FROM `ts_video` [ RunTime:0.0011s ]
INFO: [ view_parse ] --START--
INFO: [ template_filter ] --START--
INFO: Run Behavior\ContentReplaceBehavior [ RunTime:0.000161s ]
INFO: [ template_filter ] --END-- [ RunTime:0.000219s ]
INFO: Run Behavior\ParseTemplateBehavior [ RunTime:0.010909s ]
INFO: [ view_parse ] --END-- [ RunTime:0.010951s ]
INFO: [ view_filter ] --START--
INFO: Run Behavior\WriteHtmlCacheBehavior [ RunTime:0.000359s ]
INFO: [ view_filter ] --END-- [ RunTime:0.000400s ]
INFO: [ app_end ] --START--
INFO: Run Behavior\ShowPageTraceBehavior [ RunTime:0.000868s ]
INFO: [ app_end ] --END-- [ RunTime:0.000941s ]

[ 2017-04-06T21:00:12+08:00 ] ::1 /index.php/Index/getTop.html
INFO: [ app_init ] --START--
INFO: Run Behavior\BuildLiteBehavior [ RunTime:0.000018s ]
INFO: [ app_init ] --END-- [ RunTime:0.000490s ]
INFO: [ app_begin ] --START--
INFO: Run Behavior\ReadHtmlCacheBehavior [ RunTime:0.000582s ]
INFO: [ app_begin ] --END-- [ RunTime:0.000650s ]
SQL: SHOW COLUMNS FROM `ts_video` [ RunTime:0.0025s ]
NOTIC: [8] Use of undefined constant is_AJAX - assumed 'is_AJAX' /wwwroot/move_forum/Application/Home/Controller/IndexController.class.php 第 38 行.
SQL: SHOW COLUMNS FROM `ts_video` [ RunTime:0.0011s ]
SQL: SELECT * FROM `ts_video` WHERE ( status = 1 ) ORDER BY hit DESC LIMIT 0,6   [ RunTime:0.0003s ]
SQL: SELECT COUNT(*) AS tp_count FROM `ts_video` WHERE ( status = 1 ) LIMIT 1   [ RunTime:0.0001s ]
INFO: [ app_end ] --START--
INFO: Run Behavior\ShowPageTraceBehavior [ RunTime:0.000790s ]
INFO: [ app_end ] --END-- [ RunTime:0.000890s ]

[ 2017-04-06T21:00:12+08:00 ] ::1 /index.php/Index/getNewList.html
INFO: [ app_init ] --START--
INFO: Run Behavior\BuildLiteBehavior [ RunTime:0.000017s ]
INFO: [ app_init ] --END-- [ RunTime:0.000451s ]
INFO: [ app_begin ] --START--
INFO: Run Behavior\ReadHtmlCacheBehavior [ RunTime:0.000864s ]
INFO: [ app_begin ] --END-- [ RunTime:0.000943s ]
SQL: SHOW COLUMNS FROM `ts_video` [ RunTime:0.0019s ]
NOTIC: [8] Use of undefined constant is_AJAX - assumed 'is_AJAX' /wwwroot/move_forum/Application/Home/Controller/IndexController.class.php 第 51 行.
SQL: SHOW COLUMNS FROM `ts_video` [ RunTime:0.0030s ]
SQL: SELECT * FROM `ts_video` WHERE ( status = 1 ) ORDER BY id DESC LIMIT 0,24   [ RunTime:0.0006s ]
SQL: SELECT COUNT(*) AS tp_count FROM `ts_video` WHERE ( status = 1 ) LIMIT 1   [ RunTime:0.0003s ]
INFO: [ app_end ] --START--
INFO: Run Behavior\ShowPageTraceBehavior [ RunTime:0.001328s ]
INFO: [ app_end ] --END-- [ RunTime:0.001445s ]

[ 2017-04-06T21:00:26+08:00 ] ::1 /
INFO: [ app_init ] --START--
INFO: Run Behavior\BuildLiteBehavior [ RunTime:0.000010s ]
INFO: [ app_init ] --END-- [ RunTime:0.000271s ]
INFO: [ app_begin ] --START--
INFO: Run Behavior\ReadHtmlCacheBehavior [ RunTime:0.000341s ]
INFO: [ app_begin ] --END-- [ RunTime:0.000376s ]
SQL: SHOW COLUMNS FROM `ts_video` [ RunTime:0.0023s ]
INFO: [ view_parse ] --START--
INFO: [ template_filter ] --START--
INFO: Run Behavior\ContentReplaceBehavior [ RunTime:0.000154s ]
INFO: [ template_filter ] --END-- [ RunTime:0.000204s ]
INFO: Run Behavior\ParseTemplateBehavior [ RunTime:0.008109s ]
INFO: [ view_parse ] --END-- [ RunTime:0.008151s ]
INFO: [ view_filter ] --START--
INFO: Run Behavior\WriteHtmlCacheBehavior [ RunTime:0.000135s ]
INFO: [ view_filter ] --END-- [ RunTime:0.000165s ]
INFO: [ app_end ] --START--
INFO: Run Behavior\ShowPageTraceBehavior [ RunTime:0.000738s ]
INFO: [ app_end ] --END-- [ RunTime:0.000829s ]

[ 2017-04-06T21:00:26+08:00 ] ::1 /
INFO: [ app_init ] --START--
INFO: Run Behavior\BuildLiteBehavior [ RunTime:0.000020s ]
INFO: [ app_init ] --END-- [ RunTime:0.000460s ]
INFO: [ app_begin ] --START--
INFO: Run Behavior\ReadHtmlCacheBehavior [ RunTime:0.000611s ]
INFO: [ app_begin ] --END-- [ RunTime:0.000688s ]
SQL: SHOW COLUMNS FROM `ts_video` [ RunTime:0.0034s ]
INFO: [ view_parse ] --START--
INFO: [ template_filter ] --START--
INFO: Run Behavior\ContentReplaceBehavior [ RunTime:0.000173s ]
INFO: [ template_filter ] --END-- [ RunTime:0.000275s ]
INFO: Run Behavior\ParseTemplateBehavior [ RunTime:0.012432s ]
INFO: [ view_parse ] --END-- [ RunTime:0.012513s ]
INFO: [ view_filter ] --START--
INFO: Run Behavior\WriteHtmlCacheBehavior [ RunTime:0.000299s ]
INFO: [ view_filter ] --END-- [ RunTime:0.000367s ]
INFO: [ app_end ] --START--
INFO: Run Behavior\ShowPageTraceBehavior [ RunTime:0.000766s ]
INFO: [ app_end ] --END-- [ RunTime:0.000852s ]

[ 2017-04-06T21:00:27+08:00 ] ::1 /index.php/Index/getTop.html
INFO: [ app_init ] --START--
INFO: Run Behavior\BuildLiteBehavior [ RunTime:0.000022s ]
INFO: [ app_init ] --END-- [ RunTime:0.000932s ]
INFO: [ app_begin ] --START--
INFO: Run Behavior\ReadHtmlCacheBehavior [ RunTime:0.001612s ]
INFO: [ app_begin ] --END-- [ RunTime:0.001690s ]
SQL: SHOW COLUMNS FROM `ts_video` [ RunTime:0.0020s ]
NOTIC: [8] Use of undefined constant is_AJAX - assumed 'is_AJAX' /wwwroot/move_forum/Application/Home/Controller/IndexController.class.php 第 38 行.
SQL: SHOW COLUMNS FROM `ts_video` [ RunTime:0.0031s ]
SQL: SELECT * FROM `ts_video` WHERE ( status = 1 ) ORDER BY hit DESC LIMIT 0,6   [ RunTime:0.0003s ]
SQL: SELECT COUNT(*) AS tp_count FROM `ts_video` WHERE ( status = 1 ) LIMIT 1   [ RunTime:0.0002s ]
INFO: [ app_end ] --START--
INFO: Run Behavior\ShowPageTraceBehavior [ RunTime:0.000472s ]
INFO: [ app_end ] --END-- [ RunTime:0.000511s ]

[ 2017-04-06T21:00:27+08:00 ] ::1 /index.php/Index/getNewList.html
INFO: [ app_init ] --START--
INFO: Run Behavior\BuildLiteBehavior [ RunTime:0.000022s ]
INFO: [ app_init ] --END-- [ RunTime:0.000475s ]
INFO: [ app_begin ] --START--
INFO: Run Behavior\ReadHtmlCacheBehavior [ RunTime:0.000678s ]
INFO: [ app_begin ] --END-- [ RunTime:0.000769s ]
SQL: SHOW COLUMNS FROM `ts_video` [ RunTime:0.0014s ]
NOTIC: [8] Use of undefined constant is_AJAX - assumed 'is_AJAX' /wwwroot/move_forum/Application/Home/Controller/IndexController.class.php 第 51 行.
SQL: SHOW COLUMNS FROM `ts_video` [ RunTime:0.0014s ]
SQL: SELECT * FROM `ts_video` WHERE ( status = 1 ) ORDER BY id DESC LIMIT 0,24   [ RunTime:0.0005s ]
SQL: SELECT COUNT(*) AS tp_count FROM `ts_video` WHERE ( status = 1 ) LIMIT 1   [ RunTime:0.0003s ]
INFO: [ app_end ] --START--
INFO: Run Behavior\ShowPageTraceBehavior [ RunTime:0.000940s ]
INFO: [ app_end ] --END-- [ RunTime:0.001059s ]

